::1 - - [14/Apr/2016:19:19:18 +0200] "GET / HTTP/1.1" 302 - "-" "Mozilla/5.0 (Windows NT 10.0; WOW64; rv:45.0) Gecko/20100101 Firefox/45.0"
::1 - - [14/Apr/2016:19:19:18 +0200] "GET /dashboard/ HTTP/1.1" 200 6904 "-" "Mozilla/5.0 (Windows NT 10.0; WOW64; rv:45.0) Gecko/20100101 Firefox/45.0"
::1 - - [14/Apr/2016:19:19:18 +0200] "GET /dashboard/stylesheets/normalize.css HTTP/1.1" 200 6876 "http://localhost/dashboard/" "Mozilla/5.0 (Windows NT 10.0; WOW64; rv:45.0) Gecko/20100101 Firefox/45.0"
::1 - - [14/Apr/2016:19:19:18 +0200] "GET /dashboard/javascripts/modernizr.js HTTP/1.1" 200 51365 "http://localhost/dashboard/" "Mozilla/5.0 (Windows NT 10.0; WOW64; rv:45.0) Gecko/20100101 Firefox/45.0"
::1 - - [14/Apr/2016:19:19:18 +0200] "GET /dashboard/javascripts/all.js HTTP/1.1" 200 189003 "http://localhost/dashboard/" "Mozilla/5.0 (Windows NT 10.0; WOW64; rv:45.0) Gecko/20100101 Firefox/45.0"
::1 - - [14/Apr/2016:19:19:18 +0200] "GET /dashboard/stylesheets/all.css HTTP/1.1" 200 481308 "http://localhost/dashboard/" "Mozilla/5.0 (Windows NT 10.0; WOW64; rv:45.0) Gecko/20100101 Firefox/45.0"
::1 - - [14/Apr/2016:19:19:18 +0200] "GET /dashboard/images/xampp-logo.svg HTTP/1.1" 200 5427 "http://localhost/dashboard/" "Mozilla/5.0 (Windows NT 10.0; WOW64; rv:45.0) Gecko/20100101 Firefox/45.0"
::1 - - [14/Apr/2016:19:19:18 +0200] "GET /dashboard/images/bitnami-xampp.png HTTP/1.1" 200 22133 "http://localhost/dashboard/" "Mozilla/5.0 (Windows NT 10.0; WOW64; rv:45.0) Gecko/20100101 Firefox/45.0"
::1 - - [14/Apr/2016:19:19:18 +0200] "GET /dashboard/images/fastly-logo.png HTTP/1.1" 200 1770 "http://localhost/dashboard/" "Mozilla/5.0 (Windows NT 10.0; WOW64; rv:45.0) Gecko/20100101 Firefox/45.0"
::1 - - [14/Apr/2016:19:19:18 +0200] "GET /dashboard/images/social-icons.png HTTP/1.1" 200 3361 "http://localhost/dashboard/stylesheets/all.css" "Mozilla/5.0 (Windows NT 10.0; WOW64; rv:45.0) Gecko/20100101 Firefox/45.0"
::1 - - [14/Apr/2016:19:19:18 +0200] "GET /dashboard/images/favicon.png HTTP/1.1" 200 2508 "-" "Mozilla/5.0 (Windows NT 10.0; WOW64; rv:45.0) Gecko/20100101 Firefox/45.0"
::1 - - [14/Apr/2016:19:19:18 +0200] "GET /dashboard/images/fastly-logo@2x.png HTTP/1.1" 200 2678 "http://localhost/dashboard/" "Mozilla/5.0 (Windows NT 10.0; WOW64; rv:45.0) Gecko/20100101 Firefox/45.0"
::1 - - [14/Apr/2016:19:19:18 +0200] "GET /dashboard/images/fastly-logo@2x.png HTTP/1.1" 200 2678 "http://localhost/dashboard/" "Mozilla/5.0 (Windows NT 10.0; WOW64; rv:45.0) Gecko/20100101 Firefox/45.0"
::1 - - [14/Apr/2016:19:20:34 +0200] "GET /page/ HTTP/1.1" 200 3435 "-" "Mozilla/5.0 (Windows NT 10.0; WOW64; rv:45.0) Gecko/20100101 Firefox/45.0"
::1 - - [14/Apr/2016:19:20:34 +0200] "GET /page/style.css HTTP/1.1" 200 2323 "http://localhost/page/" "Mozilla/5.0 (Windows NT 10.0; WOW64; rv:45.0) Gecko/20100101 Firefox/45.0"
::1 - - [14/Apr/2016:19:20:34 +0200] "GET /page/res/kickstarter/css/forms.css HTTP/1.1" 200 7073 "http://localhost/page/" "Mozilla/5.0 (Windows NT 10.0; WOW64; rv:45.0) Gecko/20100101 Firefox/45.0"
::1 - - [14/Apr/2016:19:20:34 +0200] "GET /page/res/kickstarter/css/font-awesome.min.css HTTP/1.1" 200 21984 "http://localhost/page/" "Mozilla/5.0 (Windows NT 10.0; WOW64; rv:45.0) Gecko/20100101 Firefox/45.0"
::1 - - [14/Apr/2016:19:20:34 +0200] "GET /page/nature-forest-trees-fog%5B1%5D.jpg HTTP/1.1" 200 983844 "http://localhost/page/style.css" "Mozilla/5.0 (Windows NT 10.0; WOW64; rv:45.0) Gecko/20100101 Firefox/45.0"
::1 - - [14/Apr/2016:19:20:34 +0200] "GET /page/mov_bbb.mp4 HTTP/1.1" 206 788493 "http://localhost/page/" "Mozilla/5.0 (Windows NT 10.0; WOW64; rv:45.0) Gecko/20100101 Firefox/45.0"
::1 - - [14/Apr/2016:19:20:34 +0200] "GET /favicon.ico HTTP/1.1" 200 30894 "-" "Mozilla/5.0 (Windows NT 10.0; WOW64; rv:45.0) Gecko/20100101 Firefox/45.0"
::1 - - [14/Apr/2016:19:22:09 +0200] "GET /page/index.php?page=kontakt HTTP/1.1" 200 4660 "http://localhost/page/" "Mozilla/5.0 (Windows NT 10.0; WOW64; rv:45.0) Gecko/20100101 Firefox/45.0"
::1 - - [14/Apr/2016:19:22:12 +0200] "GET /page/index.php?page=bilder HTTP/1.1" 200 2083 "http://localhost/page/index.php?page=kontakt" "Mozilla/5.0 (Windows NT 10.0; WOW64; rv:45.0) Gecko/20100101 Firefox/45.0"
::1 - - [14/Apr/2016:19:22:12 +0200] "GET /page/nature-938479_960_720%5B1%5D.jpg HTTP/1.1" 200 133871 "http://localhost/page/index.php?page=bilder" "Mozilla/5.0 (Windows NT 10.0; WOW64; rv:45.0) Gecko/20100101 Firefox/45.0"
::1 - - [14/Apr/2016:19:25:41 +0200] "GET /index.php HTTP/1.1" 302 - "-" "Mozilla/5.0 (Windows NT 10.0; WOW64; rv:45.0) Gecko/20100101 Firefox/45.0"
::1 - - [14/Apr/2016:19:32:28 +0200] "GET /dashboard/ HTTP/1.1" 304 - "-" "Mozilla/5.0 (Windows NT 10.0; WOW64; rv:45.0) Gecko/20100101 Firefox/45.0"
::1 - - [14/Apr/2016:19:32:28 +0200] "GET /dashboard/stylesheets/normalize.css HTTP/1.1" 304 - "http://localhost/dashboard/" "Mozilla/5.0 (Windows NT 10.0; WOW64; rv:45.0) Gecko/20100101 Firefox/45.0"
::1 - - [14/Apr/2016:19:32:28 +0200] "GET /dashboard/stylesheets/all.css HTTP/1.1" 304 - "http://localhost/dashboard/" "Mozilla/5.0 (Windows NT 10.0; WOW64; rv:45.0) Gecko/20100101 Firefox/45.0"
::1 - - [14/Apr/2016:19:32:28 +0200] "GET /dashboard/javascripts/all.js HTTP/1.1" 304 - "http://localhost/dashboard/" "Mozilla/5.0 (Windows NT 10.0; WOW64; rv:45.0) Gecko/20100101 Firefox/45.0"
::1 - - [14/Apr/2016:19:32:28 +0200] "GET /dashboard/javascripts/modernizr.js HTTP/1.1" 304 - "http://localhost/dashboard/" "Mozilla/5.0 (Windows NT 10.0; WOW64; rv:45.0) Gecko/20100101 Firefox/45.0"
::1 - - [14/Apr/2016:19:32:28 +0200] "GET /dashboard/images/xampp-logo.svg HTTP/1.1" 304 - "http://localhost/dashboard/" "Mozilla/5.0 (Windows NT 10.0; WOW64; rv:45.0) Gecko/20100101 Firefox/45.0"
::1 - - [14/Apr/2016:19:32:28 +0200] "GET /dashboard/images/bitnami-xampp.png HTTP/1.1" 304 - "http://localhost/dashboard/" "Mozilla/5.0 (Windows NT 10.0; WOW64; rv:45.0) Gecko/20100101 Firefox/45.0"
::1 - - [14/Apr/2016:19:32:28 +0200] "GET /dashboard/images/social-icons.png HTTP/1.1" 304 - "http://localhost/dashboard/stylesheets/all.css" "Mozilla/5.0 (Windows NT 10.0; WOW64; rv:45.0) Gecko/20100101 Firefox/45.0"
::1 - - [14/Apr/2016:19:32:28 +0200] "GET /dashboard/images/fastly-logo.png HTTP/1.1" 304 - "http://localhost/dashboard/" "Mozilla/5.0 (Windows NT 10.0; WOW64; rv:45.0) Gecko/20100101 Firefox/45.0"
::1 - - [14/Apr/2016:19:32:28 +0200] "GET /dashboard/images/fastly-logo@2x.png HTTP/1.1" 304 - "http://localhost/dashboard/" "Mozilla/5.0 (Windows NT 10.0; WOW64; rv:45.0) Gecko/20100101 Firefox/45.0"
::1 - - [14/Apr/2016:19:33:57 +0200] "GET /dashboard/ HTTP/1.1" 404 1180 "-" "Mozilla/5.0 (Windows NT 10.0; WOW64; rv:45.0) Gecko/20100101 Firefox/45.0"
::1 - - [14/Apr/2016:19:34:18 +0200] "GET /dashboard/ HTTP/1.1" 200 6904 "-" "Mozilla/5.0 (Windows NT 10.0; WOW64; rv:45.0) Gecko/20100101 Firefox/45.0"
::1 - - [14/Apr/2016:19:34:18 +0200] "GET /dashboard/stylesheets/normalize.css HTTP/1.1" 304 - "http://localhost/dashboard/" "Mozilla/5.0 (Windows NT 10.0; WOW64; rv:45.0) Gecko/20100101 Firefox/45.0"
::1 - - [14/Apr/2016:19:34:18 +0200] "GET /dashboard/stylesheets/all.css HTTP/1.1" 304 - "http://localhost/dashboard/" "Mozilla/5.0 (Windows NT 10.0; WOW64; rv:45.0) Gecko/20100101 Firefox/45.0"
::1 - - [14/Apr/2016:19:34:18 +0200] "GET /dashboard/javascripts/modernizr.js HTTP/1.1" 304 - "http://localhost/dashboard/" "Mozilla/5.0 (Windows NT 10.0; WOW64; rv:45.0) Gecko/20100101 Firefox/45.0"
::1 - - [14/Apr/2016:19:34:18 +0200] "GET /dashboard/javascripts/all.js HTTP/1.1" 304 - "http://localhost/dashboard/" "Mozilla/5.0 (Windows NT 10.0; WOW64; rv:45.0) Gecko/20100101 Firefox/45.0"
::1 - - [14/Apr/2016:19:34:18 +0200] "GET /dashboard/images/bitnami-xampp.png HTTP/1.1" 304 - "http://localhost/dashboard/" "Mozilla/5.0 (Windows NT 10.0; WOW64; rv:45.0) Gecko/20100101 Firefox/45.0"
::1 - - [14/Apr/2016:19:34:18 +0200] "GET /dashboard/images/xampp-logo.svg HTTP/1.1" 304 - "http://localhost/dashboard/" "Mozilla/5.0 (Windows NT 10.0; WOW64; rv:45.0) Gecko/20100101 Firefox/45.0"
::1 - - [14/Apr/2016:19:34:18 +0200] "GET /dashboard/images/fastly-logo.png HTTP/1.1" 304 - "http://localhost/dashboard/" "Mozilla/5.0 (Windows NT 10.0; WOW64; rv:45.0) Gecko/20100101 Firefox/45.0"
::1 - - [14/Apr/2016:19:34:18 +0200] "GET /dashboard/images/social-icons.png HTTP/1.1" 304 - "http://localhost/dashboard/stylesheets/all.css" "Mozilla/5.0 (Windows NT 10.0; WOW64; rv:45.0) Gecko/20100101 Firefox/45.0"
::1 - - [14/Apr/2016:19:34:18 +0200] "GET /dashboard/images/fastly-logo@2x.png HTTP/1.1" 304 - "http://localhost/dashboard/" "Mozilla/5.0 (Windows NT 10.0; WOW64; rv:45.0) Gecko/20100101 Firefox/45.0"
::1 - - [14/Apr/2016:19:34:27 +0200] "GET /page HTTP/1.1" 301 330 "-" "Mozilla/5.0 (Windows NT 10.0; WOW64; rv:45.0) Gecko/20100101 Firefox/45.0"
::1 - - [14/Apr/2016:19:34:27 +0200] "GET /page/ HTTP/1.1" 200 3435 "-" "Mozilla/5.0 (Windows NT 10.0; WOW64; rv:45.0) Gecko/20100101 Firefox/45.0"
::1 - - [14/Apr/2016:20:28:26 +0200] "GET /MyPage/index.php HTTP/1.1" 200 163 "-" "Mozilla/5.0 (Windows NT 10.0; WOW64; rv:45.0) Gecko/20100101 Firefox/45.0"
::1 - - [14/Apr/2016:20:28:40 +0200] "GET /MyPage/index.php HTTP/1.1" 200 163 "-" "Mozilla/5.0 (Windows NT 10.0; WOW64; rv:45.0) Gecko/20100101 Firefox/45.0"
::1 - - [14/Apr/2016:20:54:30 +0200] "GET /MyPage/index.php HTTP/1.1" 200 1025 "-" "Mozilla/5.0 (Windows NT 10.0; WOW64; rv:45.0) Gecko/20100101 Firefox/45.0"
::1 - - [14/Apr/2016:20:54:56 +0200] "GET /MyPage/index.php HTTP/1.1" 200 1025 "-" "Mozilla/5.0 (Windows NT 10.0; WOW64; rv:45.0) Gecko/20100101 Firefox/45.0"
::1 - - [14/Apr/2016:20:54:56 +0200] "GET /MyPage/index.php HTTP/1.1" 200 1025 "-" "Mozilla/5.0 (Windows NT 10.0; WOW64; rv:45.0) Gecko/20100101 Firefox/45.0"
::1 - - [14/Apr/2016:20:54:57 +0200] "GET /MyPage/index.php HTTP/1.1" 200 1025 "-" "Mozilla/5.0 (Windows NT 10.0; WOW64; rv:45.0) Gecko/20100101 Firefox/45.0"
::1 - - [14/Apr/2016:20:54:57 +0200] "GET /MyPage/index.php HTTP/1.1" 200 1025 "-" "Mozilla/5.0 (Windows NT 10.0; WOW64; rv:45.0) Gecko/20100101 Firefox/45.0"
::1 - - [14/Apr/2016:20:55:43 +0200] "GET /MyPage/index.php HTTP/1.1" 200 1025 "-" "Mozilla/5.0 (Windows NT 10.0; WOW64; rv:45.0) Gecko/20100101 Firefox/45.0"
::1 - - [14/Apr/2016:20:56:24 +0200] "GET /MyPage/index.php HTTP/1.1" 200 1025 "-" "Mozilla/5.0 (Windows NT 10.0; WOW64; rv:45.0) Gecko/20100101 Firefox/45.0"
::1 - - [14/Apr/2016:20:56:36 +0200] "GET /MyPage/index.php HTTP/1.1" 200 1025 "-" "Mozilla/5.0 (Windows NT 10.0; WOW64; rv:45.0) Gecko/20100101 Firefox/45.0"
::1 - - [14/Apr/2016:20:58:08 +0200] "GET /MyPage/index.php HTTP/1.1" 200 1025 "-" "Mozilla/5.0 (Windows NT 10.0; WOW64; rv:45.0) Gecko/20100101 Firefox/45.0"
::1 - - [14/Apr/2016:20:58:09 +0200] "GET /MyPage/index.php HTTP/1.1" 200 1025 "-" "Mozilla/5.0 (Windows NT 10.0; WOW64; rv:45.0) Gecko/20100101 Firefox/45.0"
::1 - - [14/Apr/2016:20:58:09 +0200] "GET /MyPage/index.php HTTP/1.1" 200 1025 "-" "Mozilla/5.0 (Windows NT 10.0; WOW64; rv:45.0) Gecko/20100101 Firefox/45.0"
::1 - - [14/Apr/2016:20:58:09 +0200] "GET /MyPage/index.php HTTP/1.1" 200 1025 "-" "Mozilla/5.0 (Windows NT 10.0; WOW64; rv:45.0) Gecko/20100101 Firefox/45.0"
::1 - - [14/Apr/2016:20:58:09 +0200] "GET /MyPage/index.php HTTP/1.1" 200 1025 "-" "Mozilla/5.0 (Windows NT 10.0; WOW64; rv:45.0) Gecko/20100101 Firefox/45.0"
::1 - - [14/Apr/2016:20:58:10 +0200] "GET /MyPage/index.php HTTP/1.1" 200 1025 "-" "Mozilla/5.0 (Windows NT 10.0; WOW64; rv:45.0) Gecko/20100101 Firefox/45.0"
::1 - - [14/Apr/2016:20:58:10 +0200] "GET /MyPage/index.php HTTP/1.1" 200 1025 "-" "Mozilla/5.0 (Windows NT 10.0; WOW64; rv:45.0) Gecko/20100101 Firefox/45.0"
::1 - - [14/Apr/2016:20:58:10 +0200] "GET /MyPage/index.php HTTP/1.1" 200 1025 "-" "Mozilla/5.0 (Windows NT 10.0; WOW64; rv:45.0) Gecko/20100101 Firefox/45.0"
::1 - - [14/Apr/2016:20:58:10 +0200] "GET /MyPage/index.php HTTP/1.1" 200 1025 "-" "Mozilla/5.0 (Windows NT 10.0; WOW64; rv:45.0) Gecko/20100101 Firefox/45.0"
::1 - - [14/Apr/2016:20:58:10 +0200] "GET /MyPage/index.php HTTP/1.1" 200 1025 "-" "Mozilla/5.0 (Windows NT 10.0; WOW64; rv:45.0) Gecko/20100101 Firefox/45.0"
::1 - - [14/Apr/2016:20:58:10 +0200] "GET /MyPage/index.php HTTP/1.1" 200 1025 "-" "Mozilla/5.0 (Windows NT 10.0; WOW64; rv:45.0) Gecko/20100101 Firefox/45.0"
::1 - - [14/Apr/2016:20:58:11 +0200] "GET /MyPage/index.php HTTP/1.1" 200 1025 "-" "Mozilla/5.0 (Windows NT 10.0; WOW64; rv:45.0) Gecko/20100101 Firefox/45.0"
::1 - - [14/Apr/2016:20:58:11 +0200] "GET /MyPage/index.php HTTP/1.1" 200 1025 "-" "Mozilla/5.0 (Windows NT 10.0; WOW64; rv:45.0) Gecko/20100101 Firefox/45.0"
::1 - - [14/Apr/2016:20:58:38 +0200] "GET /MyPage HTTP/1.1" 301 332 "-" "Mozilla/5.0 (Windows NT 10.0; WOW64; rv:45.0) Gecko/20100101 Firefox/45.0"
::1 - - [14/Apr/2016:20:58:38 +0200] "GET /MyPage/ HTTP/1.1" 200 1025 "-" "Mozilla/5.0 (Windows NT 10.0; WOW64; rv:45.0) Gecko/20100101 Firefox/45.0"
::1 - - [14/Apr/2016:20:59:51 +0200] "GET /MyPage/index.php HTTP/1.1" 200 1026 "-" "Mozilla/5.0 (Windows NT 10.0; WOW64; rv:45.0) Gecko/20100101 Firefox/45.0"
::1 - - [14/Apr/2016:21:00:46 +0200] "GET /MyPage/index.php HTTP/1.1" 200 1026 "-" "Mozilla/5.0 (Windows NT 10.0; WOW64; rv:45.0) Gecko/20100101 Firefox/45.0"
::1 - - [14/Apr/2016:21:00:46 +0200] "GET /MyPage/index.php HTTP/1.1" 200 1026 "-" "Mozilla/5.0 (Windows NT 10.0; WOW64; rv:45.0) Gecko/20100101 Firefox/45.0"
::1 - - [14/Apr/2016:21:00:47 +0200] "GET /MyPage/index.php HTTP/1.1" 200 1026 "-" "Mozilla/5.0 (Windows NT 10.0; WOW64; rv:45.0) Gecko/20100101 Firefox/45.0"
::1 - - [14/Apr/2016:21:00:47 +0200] "GET /MyPage/index.php HTTP/1.1" 200 1026 "-" "Mozilla/5.0 (Windows NT 10.0; WOW64; rv:45.0) Gecko/20100101 Firefox/45.0"
::1 - - [14/Apr/2016:21:03:03 +0200] "GET /MyPage/index.php HTTP/1.1" 200 1026 "-" "Mozilla/5.0 (Windows NT 10.0; WOW64; rv:45.0) Gecko/20100101 Firefox/45.0"
::1 - - [14/Apr/2016:21:04:06 +0200] "GET /MyPage/index.php HTTP/1.1" 200 1026 "-" "Mozilla/5.0 (Windows NT 10.0; WOW64; rv:45.0) Gecko/20100101 Firefox/45.0"
::1 - - [14/Apr/2016:21:04:06 +0200] "GET /MyPage/index.php HTTP/1.1" 200 1026 "-" "Mozilla/5.0 (Windows NT 10.0; WOW64; rv:45.0) Gecko/20100101 Firefox/45.0"
::1 - - [14/Apr/2016:21:04:07 +0200] "GET /MyPage/index.php HTTP/1.1" 200 1026 "-" "Mozilla/5.0 (Windows NT 10.0; WOW64; rv:45.0) Gecko/20100101 Firefox/45.0"
::1 - - [14/Apr/2016:21:04:07 +0200] "GET /MyPage/index.php HTTP/1.1" 200 1026 "-" "Mozilla/5.0 (Windows NT 10.0; WOW64; rv:45.0) Gecko/20100101 Firefox/45.0"
::1 - - [14/Apr/2016:21:04:07 +0200] "GET /MyPage/index.php HTTP/1.1" 200 1026 "-" "Mozilla/5.0 (Windows NT 10.0; WOW64; rv:45.0) Gecko/20100101 Firefox/45.0"
::1 - - [14/Apr/2016:21:06:31 +0200] "GET /MyPage/index.php HTTP/1.1" 200 1025 "-" "Mozilla/5.0 (Windows NT 10.0; WOW64; rv:45.0) Gecko/20100101 Firefox/45.0"
::1 - - [14/Apr/2016:21:06:31 +0200] "GET /MyPage/css/style.css HTTP/1.1" 200 2164 "http://localhost/MyPage/index.php" "Mozilla/5.0 (Windows NT 10.0; WOW64; rv:45.0) Gecko/20100101 Firefox/45.0"
::1 - - [14/Apr/2016:21:06:31 +0200] "GET /MyPage/css/pictures/abstract_black_blue_smoke_441_3840x2160.jpg HTTP/1.1" 404 1333 "http://localhost/MyPage/css/style.css" "Mozilla/5.0 (Windows NT 10.0; WOW64; rv:45.0) Gecko/20100101 Firefox/45.0"
::1 - - [14/Apr/2016:21:10:34 +0200] "GET /MyPage/index.php HTTP/1.1" 200 1025 "-" "Mozilla/5.0 (Windows NT 10.0; WOW64; rv:45.0) Gecko/20100101 Firefox/45.0"
::1 - - [14/Apr/2016:21:10:34 +0200] "GET /MyPage/css/style.css HTTP/1.1" 200 2155 "http://localhost/MyPage/index.php" "Mozilla/5.0 (Windows NT 10.0; WOW64; rv:45.0) Gecko/20100101 Firefox/45.0"
::1 - - [14/Apr/2016:21:10:34 +0200] "GET /MyPage/css/pictures/black-abstract-4k-background_1.jpg HTTP/1.1" 404 1333 "http://localhost/MyPage/css/style.css" "Mozilla/5.0 (Windows NT 10.0; WOW64; rv:45.0) Gecko/20100101 Firefox/45.0"
::1 - - [14/Apr/2016:21:10:35 +0200] "GET /MyPage/index.php HTTP/1.1" 200 1025 "-" "Mozilla/5.0 (Windows NT 10.0; WOW64; rv:45.0) Gecko/20100101 Firefox/45.0"
::1 - - [14/Apr/2016:21:10:35 +0200] "GET /MyPage/css/style.css HTTP/1.1" 304 - "http://localhost/MyPage/index.php" "Mozilla/5.0 (Windows NT 10.0; WOW64; rv:45.0) Gecko/20100101 Firefox/45.0"
::1 - - [14/Apr/2016:21:10:35 +0200] "GET /MyPage/css/pictures/black-abstract-4k-background_1.jpg HTTP/1.1" 404 1333 "http://localhost/MyPage/css/style.css" "Mozilla/5.0 (Windows NT 10.0; WOW64; rv:45.0) Gecko/20100101 Firefox/45.0"
::1 - - [14/Apr/2016:21:10:35 +0200] "GET /MyPage/index.php HTTP/1.1" 200 1025 "-" "Mozilla/5.0 (Windows NT 10.0; WOW64; rv:45.0) Gecko/20100101 Firefox/45.0"
::1 - - [14/Apr/2016:21:10:35 +0200] "GET /MyPage/css/style.css HTTP/1.1" 304 - "http://localhost/MyPage/index.php" "Mozilla/5.0 (Windows NT 10.0; WOW64; rv:45.0) Gecko/20100101 Firefox/45.0"
::1 - - [14/Apr/2016:21:10:35 +0200] "GET /MyPage/css/pictures/black-abstract-4k-background_1.jpg HTTP/1.1" 404 1333 "http://localhost/MyPage/css/style.css" "Mozilla/5.0 (Windows NT 10.0; WOW64; rv:45.0) Gecko/20100101 Firefox/45.0"
::1 - - [14/Apr/2016:21:10:36 +0200] "GET /MyPage/index.php HTTP/1.1" 200 1025 "-" "Mozilla/5.0 (Windows NT 10.0; WOW64; rv:45.0) Gecko/20100101 Firefox/45.0"
::1 - - [14/Apr/2016:21:10:36 +0200] "GET /MyPage/css/style.css HTTP/1.1" 304 - "http://localhost/MyPage/index.php" "Mozilla/5.0 (Windows NT 10.0; WOW64; rv:45.0) Gecko/20100101 Firefox/45.0"
::1 - - [14/Apr/2016:21:10:36 +0200] "GET /MyPage/css/pictures/black-abstract-4k-background_1.jpg HTTP/1.1" 404 1333 "http://localhost/MyPage/css/style.css" "Mozilla/5.0 (Windows NT 10.0; WOW64; rv:45.0) Gecko/20100101 Firefox/45.0"
::1 - - [14/Apr/2016:21:10:36 +0200] "GET /MyPage/index.php HTTP/1.1" 200 1025 "-" "Mozilla/5.0 (Windows NT 10.0; WOW64; rv:45.0) Gecko/20100101 Firefox/45.0"
::1 - - [14/Apr/2016:21:10:36 +0200] "GET /MyPage/css/style.css HTTP/1.1" 304 - "http://localhost/MyPage/index.php" "Mozilla/5.0 (Windows NT 10.0; WOW64; rv:45.0) Gecko/20100101 Firefox/45.0"
::1 - - [14/Apr/2016:21:10:36 +0200] "GET /MyPage/css/pictures/black-abstract-4k-background_1.jpg HTTP/1.1" 404 1333 "http://localhost/MyPage/css/style.css" "Mozilla/5.0 (Windows NT 10.0; WOW64; rv:45.0) Gecko/20100101 Firefox/45.0"
::1 - - [14/Apr/2016:21:10:36 +0200] "GET /MyPage/index.php HTTP/1.1" 200 1025 "-" "Mozilla/5.0 (Windows NT 10.0; WOW64; rv:45.0) Gecko/20100101 Firefox/45.0"
::1 - - [14/Apr/2016:21:10:36 +0200] "GET /MyPage/css/style.css HTTP/1.1" 304 - "http://localhost/MyPage/index.php" "Mozilla/5.0 (Windows NT 10.0; WOW64; rv:45.0) Gecko/20100101 Firefox/45.0"
::1 - - [14/Apr/2016:21:10:36 +0200] "GET /MyPage/css/pictures/black-abstract-4k-background_1.jpg HTTP/1.1" 404 1333 "http://localhost/MyPage/css/style.css" "Mozilla/5.0 (Windows NT 10.0; WOW64; rv:45.0) Gecko/20100101 Firefox/45.0"
::1 - - [14/Apr/2016:21:10:36 +0200] "GET /MyPage/index.php HTTP/1.1" 200 1025 "-" "Mozilla/5.0 (Windows NT 10.0; WOW64; rv:45.0) Gecko/20100101 Firefox/45.0"
::1 - - [14/Apr/2016:21:10:36 +0200] "GET /MyPage/css/style.css HTTP/1.1" 304 - "http://localhost/MyPage/index.php" "Mozilla/5.0 (Windows NT 10.0; WOW64; rv:45.0) Gecko/20100101 Firefox/45.0"
::1 - - [14/Apr/2016:21:10:36 +0200] "GET /MyPage/css/pictures/black-abstract-4k-background_1.jpg HTTP/1.1" 404 1333 "http://localhost/MyPage/css/style.css" "Mozilla/5.0 (Windows NT 10.0; WOW64; rv:45.0) Gecko/20100101 Firefox/45.0"
::1 - - [14/Apr/2016:21:13:02 +0200] "GET /MyPage/index.php HTTP/1.1" 200 1025 "-" "Mozilla/5.0 (Windows NT 10.0; WOW64; rv:45.0) Gecko/20100101 Firefox/45.0"
::1 - - [14/Apr/2016:21:13:02 +0200] "GET /MyPage/css/style.css HTTP/1.1" 200 2156 "http://localhost/MyPage/index.php" "Mozilla/5.0 (Windows NT 10.0; WOW64; rv:45.0) Gecko/20100101 Firefox/45.0"
::1 - - [14/Apr/2016:21:13:02 +0200] "GET /MyPage/css/pictures/black-abstract-4k-background_1.jpg HTTP/1.1" 404 1333 "http://localhost/MyPage/css/style.css" "Mozilla/5.0 (Windows NT 10.0; WOW64; rv:45.0) Gecko/20100101 Firefox/45.0"
::1 - - [14/Apr/2016:21:13:02 +0200] "GET /MyPage/index.php HTTP/1.1" 200 1025 "-" "Mozilla/5.0 (Windows NT 10.0; WOW64; rv:45.0) Gecko/20100101 Firefox/45.0"
::1 - - [14/Apr/2016:21:13:02 +0200] "GET /MyPage/css/style.css HTTP/1.1" 304 - "http://localhost/MyPage/index.php" "Mozilla/5.0 (Windows NT 10.0; WOW64; rv:45.0) Gecko/20100101 Firefox/45.0"
::1 - - [14/Apr/2016:21:13:02 +0200] "GET /MyPage/css/pictures/black-abstract-4k-background_1.jpg HTTP/1.1" 404 1333 "http://localhost/MyPage/css/style.css" "Mozilla/5.0 (Windows NT 10.0; WOW64; rv:45.0) Gecko/20100101 Firefox/45.0"
::1 - - [14/Apr/2016:21:13:13 +0200] "GET /MyPage/ HTTP/1.1" 200 1025 "-" "Mozilla/5.0 (Windows NT 10.0; WOW64; rv:45.0) Gecko/20100101 Firefox/45.0"
::1 - - [14/Apr/2016:21:13:13 +0200] "GET /MyPage/css/style.css HTTP/1.1" 304 - "http://localhost/MyPage/" "Mozilla/5.0 (Windows NT 10.0; WOW64; rv:45.0) Gecko/20100101 Firefox/45.0"
::1 - - [14/Apr/2016:21:13:13 +0200] "GET /MyPage/css/pictures/black-abstract-4k-background_1.jpg HTTP/1.1" 404 1333 "http://localhost/MyPage/css/style.css" "Mozilla/5.0 (Windows NT 10.0; WOW64; rv:45.0) Gecko/20100101 Firefox/45.0"
::1 - - [14/Apr/2016:21:14:33 +0200] "GET /MyPage/ HTTP/1.1" 200 1025 "-" "Mozilla/5.0 (Windows NT 10.0; WOW64; rv:45.0) Gecko/20100101 Firefox/45.0"
::1 - - [14/Apr/2016:21:14:33 +0200] "GET /MyPage/css/style.css HTTP/1.1" 200 2185 "http://localhost/MyPage/" "Mozilla/5.0 (Windows NT 10.0; WOW64; rv:45.0) Gecko/20100101 Firefox/45.0"
::1 - - [14/Apr/2016:21:14:33 +0200] "GET /MyPage/css/pictures/black-abstract-4k-background_1.jpg HTTP/1.1" 404 1333 "http://localhost/MyPage/css/style.css" "Mozilla/5.0 (Windows NT 10.0; WOW64; rv:45.0) Gecko/20100101 Firefox/45.0"
::1 - - [14/Apr/2016:21:19:24 +0200] "GET /MyPage/ HTTP/1.1" 200 1000 "-" "Mozilla/5.0 (Windows NT 10.0; WOW64; rv:45.0) Gecko/20100101 Firefox/45.0"
::1 - - [14/Apr/2016:21:19:24 +0200] "GET /MyPage/css/style.css HTTP/1.1" 200 2036 "http://localhost/MyPage/" "Mozilla/5.0 (Windows NT 10.0; WOW64; rv:45.0) Gecko/20100101 Firefox/45.0"
::1 - - [14/Apr/2016:21:19:24 +0200] "GET /MyPage/css/pictures/black-abstract-4k-background_1.jpg HTTP/1.1" 404 1333 "http://localhost/MyPage/css/style.css" "Mozilla/5.0 (Windows NT 10.0; WOW64; rv:45.0) Gecko/20100101 Firefox/45.0"
::1 - - [14/Apr/2016:21:20:02 +0200] "GET /MyPage/ HTTP/1.1" 200 1000 "-" "Mozilla/5.0 (Windows NT 10.0; WOW64; rv:45.0) Gecko/20100101 Firefox/45.0"
::1 - - [14/Apr/2016:21:20:02 +0200] "GET /MyPage/css/style.css HTTP/1.1" 200 2007 "http://localhost/MyPage/" "Mozilla/5.0 (Windows NT 10.0; WOW64; rv:45.0) Gecko/20100101 Firefox/45.0"
::1 - - [14/Apr/2016:21:20:02 +0200] "GET /MyPage/css/pictures/black-abstract-4k-background_1.jpg HTTP/1.1" 404 1333 "http://localhost/MyPage/css/style.css" "Mozilla/5.0 (Windows NT 10.0; WOW64; rv:45.0) Gecko/20100101 Firefox/45.0"
::1 - - [14/Apr/2016:21:22:07 +0200] "GET /MyPage/ HTTP/1.1" 200 1000 "-" "Mozilla/5.0 (Windows NT 10.0; WOW64; rv:45.0) Gecko/20100101 Firefox/45.0"
::1 - - [14/Apr/2016:21:22:07 +0200] "GET /MyPage/css/style.css HTTP/1.1" 200 1987 "http://localhost/MyPage/" "Mozilla/5.0 (Windows NT 10.0; WOW64; rv:45.0) Gecko/20100101 Firefox/45.0"
::1 - - [14/Apr/2016:21:22:07 +0200] "GET /MyPage/css/pictures/background.jpg HTTP/1.1" 404 1333 "http://localhost/MyPage/css/style.css" "Mozilla/5.0 (Windows NT 10.0; WOW64; rv:45.0) Gecko/20100101 Firefox/45.0"
::1 - - [14/Apr/2016:21:22:08 +0200] "GET /MyPage/ HTTP/1.1" 200 1000 "-" "Mozilla/5.0 (Windows NT 10.0; WOW64; rv:45.0) Gecko/20100101 Firefox/45.0"
::1 - - [14/Apr/2016:21:22:08 +0200] "GET /MyPage/css/style.css HTTP/1.1" 304 - "http://localhost/MyPage/" "Mozilla/5.0 (Windows NT 10.0; WOW64; rv:45.0) Gecko/20100101 Firefox/45.0"
::1 - - [14/Apr/2016:21:22:08 +0200] "GET /MyPage/css/pictures/background.jpg HTTP/1.1" 404 1333 "http://localhost/MyPage/css/style.css" "Mozilla/5.0 (Windows NT 10.0; WOW64; rv:45.0) Gecko/20100101 Firefox/45.0"
::1 - - [14/Apr/2016:21:22:08 +0200] "GET /MyPage/ HTTP/1.1" 200 1000 "-" "Mozilla/5.0 (Windows NT 10.0; WOW64; rv:45.0) Gecko/20100101 Firefox/45.0"
::1 - - [14/Apr/2016:21:22:08 +0200] "GET /MyPage/css/style.css HTTP/1.1" 304 - "http://localhost/MyPage/" "Mozilla/5.0 (Windows NT 10.0; WOW64; rv:45.0) Gecko/20100101 Firefox/45.0"
::1 - - [14/Apr/2016:21:22:08 +0200] "GET /MyPage/css/pictures/background.jpg HTTP/1.1" 404 1333 "http://localhost/MyPage/css/style.css" "Mozilla/5.0 (Windows NT 10.0; WOW64; rv:45.0) Gecko/20100101 Firefox/45.0"
::1 - - [14/Apr/2016:21:22:09 +0200] "GET /MyPage/ HTTP/1.1" 200 1000 "-" "Mozilla/5.0 (Windows NT 10.0; WOW64; rv:45.0) Gecko/20100101 Firefox/45.0"
::1 - - [14/Apr/2016:21:22:09 +0200] "GET /MyPage/css/style.css HTTP/1.1" 304 - "http://localhost/MyPage/" "Mozilla/5.0 (Windows NT 10.0; WOW64; rv:45.0) Gecko/20100101 Firefox/45.0"
::1 - - [14/Apr/2016:21:22:09 +0200] "GET /MyPage/css/pictures/background.jpg HTTP/1.1" 404 1333 "http://localhost/MyPage/css/style.css" "Mozilla/5.0 (Windows NT 10.0; WOW64; rv:45.0) Gecko/20100101 Firefox/45.0"
::1 - - [14/Apr/2016:21:22:09 +0200] "GET /MyPage/ HTTP/1.1" 200 1000 "-" "Mozilla/5.0 (Windows NT 10.0; WOW64; rv:45.0) Gecko/20100101 Firefox/45.0"
::1 - - [14/Apr/2016:21:22:09 +0200] "GET /MyPage/css/style.css HTTP/1.1" 304 - "http://localhost/MyPage/" "Mozilla/5.0 (Windows NT 10.0; WOW64; rv:45.0) Gecko/20100101 Firefox/45.0"
::1 - - [14/Apr/2016:21:22:09 +0200] "GET /MyPage/css/pictures/background.jpg HTTP/1.1" 404 1333 "http://localhost/MyPage/css/style.css" "Mozilla/5.0 (Windows NT 10.0; WOW64; rv:45.0) Gecko/20100101 Firefox/45.0"
::1 - - [14/Apr/2016:21:22:09 +0200] "GET /MyPage/ HTTP/1.1" 200 1000 "-" "Mozilla/5.0 (Windows NT 10.0; WOW64; rv:45.0) Gecko/20100101 Firefox/45.0"
::1 - - [14/Apr/2016:21:22:09 +0200] "GET /MyPage/css/style.css HTTP/1.1" 304 - "http://localhost/MyPage/" "Mozilla/5.0 (Windows NT 10.0; WOW64; rv:45.0) Gecko/20100101 Firefox/45.0"
::1 - - [14/Apr/2016:21:22:09 +0200] "GET /MyPage/css/pictures/background.jpg HTTP/1.1" 404 1333 "http://localhost/MyPage/css/style.css" "Mozilla/5.0 (Windows NT 10.0; WOW64; rv:45.0) Gecko/20100101 Firefox/45.0"
::1 - - [14/Apr/2016:21:22:43 +0200] "GET /MyPage/css/pictures/background.jpg HTTP/1.1" 404 1333 "http://localhost/MyPage/css/style.css" "Mozilla/5.0 (Windows NT 10.0; WOW64; rv:45.0) Gecko/20100101 Firefox/45.0"
::1 - - [14/Apr/2016:21:22:45 +0200] "GET /MyPage/css/pictures/background.jpg HTTP/1.1" 404 1333 "http://localhost/MyPage/css/style.css" "Mozilla/5.0 (Windows NT 10.0; WOW64; rv:45.0) Gecko/20100101 Firefox/45.0"
::1 - - [14/Apr/2016:21:22:46 +0200] "GET /MyPage/css/pictures/background.jpg HTTP/1.1" 404 1333 "http://localhost/MyPage/css/style.css" "Mozilla/5.0 (Windows NT 10.0; WOW64; rv:45.0) Gecko/20100101 Firefox/45.0"
::1 - - [14/Apr/2016:21:27:30 +0200] "GET /MyPage/ HTTP/1.1" 200 1000 "-" "Mozilla/5.0 (Windows NT 10.0; WOW64; rv:45.0) Gecko/20100101 Firefox/45.0"
::1 - - [14/Apr/2016:21:27:30 +0200] "GET /MyPage/css/style.css HTTP/1.1" 200 1981 "http://localhost/MyPage/" "Mozilla/5.0 (Windows NT 10.0; WOW64; rv:45.0) Gecko/20100101 Firefox/45.0"
::1 - - [14/Apr/2016:21:27:30 +0200] "GET /MyPage/css/pictures/background.jpg HTTP/1.1" 404 1333 "http://localhost/MyPage/css/style.css" "Mozilla/5.0 (Windows NT 10.0; WOW64; rv:45.0) Gecko/20100101 Firefox/45.0"
::1 - - [14/Apr/2016:21:27:31 +0200] "GET /MyPage/ HTTP/1.1" 200 1000 "-" "Mozilla/5.0 (Windows NT 10.0; WOW64; rv:45.0) Gecko/20100101 Firefox/45.0"
::1 - - [14/Apr/2016:21:27:31 +0200] "GET /MyPage/css/style.css HTTP/1.1" 304 - "http://localhost/MyPage/" "Mozilla/5.0 (Windows NT 10.0; WOW64; rv:45.0) Gecko/20100101 Firefox/45.0"
::1 - - [14/Apr/2016:21:27:31 +0200] "GET /MyPage/css/pictures/background.jpg HTTP/1.1" 404 1333 "http://localhost/MyPage/css/style.css" "Mozilla/5.0 (Windows NT 10.0; WOW64; rv:45.0) Gecko/20100101 Firefox/45.0"
::1 - - [14/Apr/2016:21:29:35 +0200] "GET /MyPage/ HTTP/1.1" 200 1000 "-" "Mozilla/5.0 (Windows NT 10.0; WOW64; rv:45.0) Gecko/20100101 Firefox/45.0"
::1 - - [14/Apr/2016:21:29:35 +0200] "GET /MyPage/css/style.css HTTP/1.1" 200 1974 "http://localhost/MyPage/" "Mozilla/5.0 (Windows NT 10.0; WOW64; rv:45.0) Gecko/20100101 Firefox/45.0"
::1 - - [14/Apr/2016:21:29:35 +0200] "GET /MyPage/css/img/background.jpg HTTP/1.1" 404 1333 "http://localhost/MyPage/css/style.css" "Mozilla/5.0 (Windows NT 10.0; WOW64; rv:45.0) Gecko/20100101 Firefox/45.0"
::1 - - [14/Apr/2016:21:29:41 +0200] "GET /MyPage/css/img/background.jpg HTTP/1.1" 404 1307 "http://localhost/MyPage/" "Mozilla/5.0 (Windows NT 10.0; WOW64; rv:45.0) Gecko/20100101 Firefox/45.0"
::1 - - [14/Apr/2016:21:29:44 +0200] "GET /MyPage/css/img/background.jpg HTTP/1.1" 404 1307 "http://localhost/MyPage/" "Mozilla/5.0 (Windows NT 10.0; WOW64; rv:45.0) Gecko/20100101 Firefox/45.0"
::1 - - [14/Apr/2016:21:32:28 +0200] "GET /MyPage/css/img/background.jpg HTTP/1.1" 404 1307 "http://localhost/MyPage/" "Mozilla/5.0 (Windows NT 10.0; WOW64; rv:45.0) Gecko/20100101 Firefox/45.0"
::1 - - [14/Apr/2016:21:32:42 +0200] "GET /MyPage/css/img/background.jpg HTTP/1.1" 404 1307 "http://localhost/MyPage/" "Mozilla/5.0 (Windows NT 10.0; WOW64; rv:45.0) Gecko/20100101 Firefox/45.0"
::1 - - [14/Apr/2016:21:33:25 +0200] "GET /MyPage/ HTTP/1.1" 200 1000 "-" "Mozilla/5.0 (Windows NT 10.0; WOW64; rv:45.0) Gecko/20100101 Firefox/45.0"
::1 - - [14/Apr/2016:21:33:26 +0200] "GET /MyPage/css/style.css HTTP/1.1" 200 1982 "http://localhost/MyPage/" "Mozilla/5.0 (Windows NT 10.0; WOW64; rv:45.0) Gecko/20100101 Firefox/45.0"
::1 - - [14/Apr/2016:21:33:26 +0200] "GET /MyPage/css/img/background.jpg HTTP/1.1" 404 1333 "http://localhost/MyPage/css/style.css" "Mozilla/5.0 (Windows NT 10.0; WOW64; rv:45.0) Gecko/20100101 Firefox/45.0"
::1 - - [14/Apr/2016:21:33:26 +0200] "GET /MyPage/ HTTP/1.1" 200 1000 "-" "Mozilla/5.0 (Windows NT 10.0; WOW64; rv:45.0) Gecko/20100101 Firefox/45.0"
::1 - - [14/Apr/2016:21:33:26 +0200] "GET /MyPage/css/style.css HTTP/1.1" 304 - "http://localhost/MyPage/" "Mozilla/5.0 (Windows NT 10.0; WOW64; rv:45.0) Gecko/20100101 Firefox/45.0"
::1 - - [14/Apr/2016:21:33:26 +0200] "GET /MyPage/css/img/background.jpg HTTP/1.1" 404 1333 "http://localhost/MyPage/css/style.css" "Mozilla/5.0 (Windows NT 10.0; WOW64; rv:45.0) Gecko/20100101 Firefox/45.0"
::1 - - [14/Apr/2016:21:33:29 +0200] "GET /MyPage/css/img/background.jpg HTTP/1.1" 404 1307 "http://localhost/MyPage/" "Mozilla/5.0 (Windows NT 10.0; WOW64; rv:45.0) Gecko/20100101 Firefox/45.0"
::1 - - [14/Apr/2016:21:37:23 +0200] "GET /MyPage/css/img/background.jpg HTTP/1.1" 404 1307 "http://localhost/MyPage/" "Mozilla/5.0 (Windows NT 10.0; WOW64; rv:45.0) Gecko/20100101 Firefox/45.0"
::1 - - [14/Apr/2016:21:37:23 +0200] "GET /MyPage/css/img/background.jpg HTTP/1.1" 404 1307 "http://localhost/MyPage/" "Mozilla/5.0 (Windows NT 10.0; WOW64; rv:45.0) Gecko/20100101 Firefox/45.0"
::1 - - [14/Apr/2016:21:42:35 +0200] "GET /MyPage/index.php HTTP/1.1" 200 1000 "http://localhost/MyPage/" "Mozilla/5.0 (Windows NT 10.0; WOW64; rv:45.0) Gecko/20100101 Firefox/45.0"
::1 - - [14/Apr/2016:21:42:35 +0200] "GET /MyPage/css/style.css HTTP/1.1" 304 - "http://localhost/MyPage/index.php" "Mozilla/5.0 (Windows NT 10.0; WOW64; rv:45.0) Gecko/20100101 Firefox/45.0"
::1 - - [14/Apr/2016:21:42:35 +0200] "GET /MyPage/css/img/background.jpg HTTP/1.1" 404 1333 "http://localhost/MyPage/css/style.css" "Mozilla/5.0 (Windows NT 10.0; WOW64; rv:45.0) Gecko/20100101 Firefox/45.0"
::1 - - [14/Apr/2016:21:42:36 +0200] "GET /MyPage/index.php HTTP/1.1" 200 1000 "http://localhost/MyPage/index.php" "Mozilla/5.0 (Windows NT 10.0; WOW64; rv:45.0) Gecko/20100101 Firefox/45.0"
::1 - - [14/Apr/2016:21:42:36 +0200] "GET /MyPage/css/img/background.jpg HTTP/1.1" 404 1333 "http://localhost/MyPage/css/style.css" "Mozilla/5.0 (Windows NT 10.0; WOW64; rv:45.0) Gecko/20100101 Firefox/45.0"
::1 - - [14/Apr/2016:21:43:37 +0200] "GET /MyPage/css/img/background.jpg HTTP/1.1" 404 1325 "http://localhost/MyPage/index.php" "Mozilla/5.0 (Windows NT 10.0; WOW64; rv:45.0) Gecko/20100101 Firefox/45.0"
::1 - - [01/Feb/2017:19:16:03 +0100] "GET /website_birnic HTTP/1.1" 404 1180 "-" "Mozilla/5.0 (Windows NT 10.0; WOW64; rv:51.0) Gecko/20100101 Firefox/51.0"
::1 - - [01/Feb/2017:19:16:03 +0100] "GET /favicon.ico HTTP/1.1" 404 1180 "-" "Mozilla/5.0 (Windows NT 10.0; WOW64; rv:51.0) Gecko/20100101 Firefox/51.0"
::1 - - [01/Feb/2017:19:16:03 +0100] "GET /favicon.ico HTTP/1.1" 404 1180 "-" "Mozilla/5.0 (Windows NT 10.0; WOW64; rv:51.0) Gecko/20100101 Firefox/51.0"
::1 - - [01/Feb/2017:19:16:26 +0100] "GET /website_brnic HTTP/1.1" 301 339 "-" "Mozilla/5.0 (Windows NT 10.0; WOW64; rv:51.0) Gecko/20100101 Firefox/51.0"
::1 - - [01/Feb/2017:19:16:26 +0100] "GET /website_brnic/ HTTP/1.1" 200 1583 "-" "Mozilla/5.0 (Windows NT 10.0; WOW64; rv:51.0) Gecko/20100101 Firefox/51.0"
::1 - - [01/Feb/2017:19:16:26 +0100] "GET /website_brnic/css/frame.css HTTP/1.1" 200 668 "http://localhost/website_brnic/" "Mozilla/5.0 (Windows NT 10.0; WOW64; rv:51.0) Gecko/20100101 Firefox/51.0"
::1 - - [01/Feb/2017:19:16:26 +0100] "GET /website_brnic/BlueFire.jpg HTTP/1.1" 200 153516 "http://localhost/website_brnic/css/frame.css" "Mozilla/5.0 (Windows NT 10.0; WOW64; rv:51.0) Gecko/20100101 Firefox/51.0"
::1 - - [01/Feb/2017:19:16:26 +0100] "GET /website_brnic/?nogui=true&menu=nogui HTTP/1.1" 200 42 "http://localhost/website_brnic/" "Mozilla/5.0 (Windows NT 10.0; WOW64; rv:51.0) Gecko/20100101 Firefox/51.0"
::1 - - [01/Feb/2017:19:16:30 +0100] "GET /website_brnic/?menu=mInformationen HTTP/1.1" 200 1064 "http://localhost/website_brnic/" "Mozilla/5.0 (Windows NT 10.0; WOW64; rv:51.0) Gecko/20100101 Firefox/51.0"
::1 - - [01/Feb/2017:19:16:50 +0100] "GET /website_brnic/?menu=mInformationen HTTP/1.1" 404 1321 "http://localhost/website_brnic/" "Mozilla/5.0 (Windows NT 10.0; WOW64; rv:51.0) Gecko/20100101 Firefox/51.0"
::1 - - [01/Feb/2017:19:17:11 +0100] "GET /website_brnic/?menu=mInformationen HTTP/1.1" 200 1064 "http://localhost/website_brnic/" "Mozilla/5.0 (Windows NT 10.0; WOW64; rv:51.0) Gecko/20100101 Firefox/51.0"
::1 - - [01/Feb/2017:19:17:11 +0100] "GET /website_brnic/css/frame.css HTTP/1.1" 304 - "http://localhost/website_brnic/?menu=mInformationen" "Mozilla/5.0 (Windows NT 10.0; WOW64; rv:51.0) Gecko/20100101 Firefox/51.0"
::1 - - [01/Feb/2017:19:17:11 +0100] "GET /website_brnic/BlueFire.jpg HTTP/1.1" 304 - "http://localhost/website_brnic/css/frame.css" "Mozilla/5.0 (Windows NT 10.0; WOW64; rv:51.0) Gecko/20100101 Firefox/51.0"
::1 - - [01/Feb/2017:19:30:46 +0100] "GET /website_brnic/?menu=mInformationen HTTP/1.1" 200 1134 "http://localhost/website_brnic/" "Mozilla/5.0 (Windows NT 10.0; WOW64; rv:51.0) Gecko/20100101 Firefox/51.0"
::1 - - [01/Feb/2017:19:30:46 +0100] "GET /website_brnic/css/frame.css HTTP/1.1" 304 - "http://localhost/website_brnic/?menu=mInformationen" "Mozilla/5.0 (Windows NT 10.0; WOW64; rv:51.0) Gecko/20100101 Firefox/51.0"
::1 - - [01/Feb/2017:19:30:46 +0100] "GET /website_brnic/BlueFire.jpg HTTP/1.1" 304 - "http://localhost/website_brnic/css/frame.css" "Mozilla/5.0 (Windows NT 10.0; WOW64; rv:51.0) Gecko/20100101 Firefox/51.0"
::1 - - [01/Feb/2017:19:31:18 +0100] "GET /website_brnic/?menu=mInformationen HTTP/1.1" 200 1092 "http://localhost/website_brnic/" "Mozilla/5.0 (Windows NT 10.0; WOW64; rv:51.0) Gecko/20100101 Firefox/51.0"
::1 - - [01/Feb/2017:19:31:18 +0100] "GET /website_brnic/css/frame.css HTTP/1.1" 304 - "http://localhost/website_brnic/?menu=mInformationen" "Mozilla/5.0 (Windows NT 10.0; WOW64; rv:51.0) Gecko/20100101 Firefox/51.0"
::1 - - [01/Feb/2017:19:31:18 +0100] "GET /website_brnic/BlueFire.jpg HTTP/1.1" 304 - "http://localhost/website_brnic/css/frame.css" "Mozilla/5.0 (Windows NT 10.0; WOW64; rv:51.0) Gecko/20100101 Firefox/51.0"
::1 - - [01/Feb/2017:19:35:05 +0100] "GET /website_brnic/?menu=mInformationen HTTP/1.1" 200 1116 "http://localhost/website_brnic/" "Mozilla/5.0 (Windows NT 10.0; WOW64; rv:51.0) Gecko/20100101 Firefox/51.0"
::1 - - [01/Feb/2017:19:35:05 +0100] "GET /website_brnic/css/frame.css HTTP/1.1" 304 - "http://localhost/website_brnic/?menu=mInformationen" "Mozilla/5.0 (Windows NT 10.0; WOW64; rv:51.0) Gecko/20100101 Firefox/51.0"
::1 - - [01/Feb/2017:19:35:05 +0100] "GET /website_brnic/BlueFire.jpg HTTP/1.1" 304 - "http://localhost/website_brnic/css/frame.css" "Mozilla/5.0 (Windows NT 10.0; WOW64; rv:51.0) Gecko/20100101 Firefox/51.0"
::1 - - [01/Feb/2017:19:35:08 +0100] "GET /website_brnic/?menu=mInformationen HTTP/1.1" 200 1116 "http://localhost/website_brnic/" "Mozilla/5.0 (Windows NT 10.0; WOW64; rv:51.0) Gecko/20100101 Firefox/51.0"
::1 - - [01/Feb/2017:19:35:08 +0100] "GET /website_brnic/css/frame.css HTTP/1.1" 304 - "http://localhost/website_brnic/?menu=mInformationen" "Mozilla/5.0 (Windows NT 10.0; WOW64; rv:51.0) Gecko/20100101 Firefox/51.0"
::1 - - [01/Feb/2017:19:35:08 +0100] "GET /website_brnic/BlueFire.jpg HTTP/1.1" 304 - "http://localhost/website_brnic/css/frame.css" "Mozilla/5.0 (Windows NT 10.0; WOW64; rv:51.0) Gecko/20100101 Firefox/51.0"
::1 - - [01/Feb/2017:19:35:10 +0100] "GET /website_brnic/?menu=mInformationen HTTP/1.1" 200 1116 "http://localhost/website_brnic/" "Mozilla/5.0 (Windows NT 10.0; WOW64; rv:51.0) Gecko/20100101 Firefox/51.0"
::1 - - [01/Feb/2017:19:35:13 +0100] "GET /website_brnic/?menu=mInformationen HTTP/1.1" 200 1116 "http://localhost/website_brnic/" "Mozilla/5.0 (Windows NT 10.0; WOW64; rv:51.0) Gecko/20100101 Firefox/51.0"
::1 - - [01/Feb/2017:19:35:13 +0100] "GET /website_brnic/css/frame.css HTTP/1.1" 304 - "http://localhost/website_brnic/?menu=mInformationen" "Mozilla/5.0 (Windows NT 10.0; WOW64; rv:51.0) Gecko/20100101 Firefox/51.0"
::1 - - [01/Feb/2017:19:35:13 +0100] "GET /website_brnic/BlueFire.jpg HTTP/1.1" 304 - "http://localhost/website_brnic/css/frame.css" "Mozilla/5.0 (Windows NT 10.0; WOW64; rv:51.0) Gecko/20100101 Firefox/51.0"
::1 - - [01/Feb/2017:19:35:30 +0100] "GET /website_brnic/?menu=mInformationen HTTP/1.1" 200 1116 "http://localhost/website_brnic/" "Mozilla/5.0 (Windows NT 10.0; WOW64; rv:51.0) Gecko/20100101 Firefox/51.0"
::1 - - [01/Feb/2017:19:35:30 +0100] "GET /website_brnic/css/frame.css HTTP/1.1" 304 - "http://localhost/website_brnic/?menu=mInformationen" "Mozilla/5.0 (Windows NT 10.0; WOW64; rv:51.0) Gecko/20100101 Firefox/51.0"
::1 - - [01/Feb/2017:19:35:30 +0100] "GET /website_brnic/BlueFire.jpg HTTP/1.1" 304 - "http://localhost/website_brnic/css/frame.css" "Mozilla/5.0 (Windows NT 10.0; WOW64; rv:51.0) Gecko/20100101 Firefox/51.0"
::1 - - [01/Feb/2017:19:37:23 +0100] "GET /website_brnic/?menu=mInformationen HTTP/1.1" 200 1118 "http://localhost/website_brnic/" "Mozilla/5.0 (Windows NT 10.0; WOW64; rv:51.0) Gecko/20100101 Firefox/51.0"
::1 - - [01/Feb/2017:19:37:24 +0100] "GET /website_brnic/css/frame.css HTTP/1.1" 304 - "http://localhost/website_brnic/?menu=mInformationen" "Mozilla/5.0 (Windows NT 10.0; WOW64; rv:51.0) Gecko/20100101 Firefox/51.0"
::1 - - [01/Feb/2017:19:37:24 +0100] "GET /website_brnic/BlueFire.jpg HTTP/1.1" 304 - "http://localhost/website_brnic/css/frame.css" "Mozilla/5.0 (Windows NT 10.0; WOW64; rv:51.0) Gecko/20100101 Firefox/51.0"
::1 - - [01/Feb/2017:19:37:25 +0100] "GET /website_brnic/?menu=mInformationen HTTP/1.1" 200 1118 "http://localhost/website_brnic/" "Mozilla/5.0 (Windows NT 10.0; WOW64; rv:51.0) Gecko/20100101 Firefox/51.0"
::1 - - [01/Feb/2017:19:37:25 +0100] "GET /website_brnic/css/frame.css HTTP/1.1" 304 - "http://localhost/website_brnic/?menu=mInformationen" "Mozilla/5.0 (Windows NT 10.0; WOW64; rv:51.0) Gecko/20100101 Firefox/51.0"
::1 - - [01/Feb/2017:19:37:25 +0100] "GET /website_brnic/BlueFire.jpg HTTP/1.1" 304 - "http://localhost/website_brnic/css/frame.css" "Mozilla/5.0 (Windows NT 10.0; WOW64; rv:51.0) Gecko/20100101 Firefox/51.0"
::1 - - [01/Feb/2017:19:37:27 +0100] "GET /website_brnic/?menu=mInformationen HTTP/1.1" 200 1118 "-" "Mozilla/5.0 (Windows NT 10.0; WOW64; rv:51.0) Gecko/20100101 Firefox/51.0"
::1 - - [01/Feb/2017:19:37:29 +0100] "GET /website_brnic/?menu=mInformationen HTTP/1.1" 200 1118 "-" "Mozilla/5.0 (Windows NT 10.0; WOW64; rv:51.0) Gecko/20100101 Firefox/51.0"
::1 - - [01/Feb/2017:19:37:29 +0100] "GET /website_brnic/css/frame.css HTTP/1.1" 200 668 "http://localhost/website_brnic/?menu=mInformationen" "Mozilla/5.0 (Windows NT 10.0; WOW64; rv:51.0) Gecko/20100101 Firefox/51.0"
::1 - - [01/Feb/2017:19:37:29 +0100] "GET /website_brnic/BlueFire.jpg HTTP/1.1" 200 153516 "http://localhost/website_brnic/css/frame.css" "Mozilla/5.0 (Windows NT 10.0; WOW64; rv:51.0) Gecko/20100101 Firefox/51.0"
::1 - - [01/Feb/2017:19:38:22 +0100] "GET /website_brnic/?menu=mInformationen HTTP/1.1" 200 1118 "-" "Mozilla/5.0 (Windows NT 10.0; WOW64; rv:51.0) Gecko/20100101 Firefox/51.0"
::1 - - [01/Feb/2017:19:38:22 +0100] "GET /website_brnic/css/frame.css HTTP/1.1" 304 - "http://localhost/website_brnic/?menu=mInformationen" "Mozilla/5.0 (Windows NT 10.0; WOW64; rv:51.0) Gecko/20100101 Firefox/51.0"
::1 - - [01/Feb/2017:19:38:22 +0100] "GET /website_brnic/BlueFire.jpg HTTP/1.1" 304 - "http://localhost/website_brnic/css/frame.css" "Mozilla/5.0 (Windows NT 10.0; WOW64; rv:51.0) Gecko/20100101 Firefox/51.0"
::1 - - [01/Feb/2017:19:39:45 +0100] "GET /website_brnic/?menu=mInformationen HTTP/1.1" 200 1161 "-" "Mozilla/5.0 (Windows NT 10.0; WOW64; rv:51.0) Gecko/20100101 Firefox/51.0"
::1 - - [01/Feb/2017:19:39:45 +0100] "GET /website_brnic/css/frame.css HTTP/1.1" 304 - "http://localhost/website_brnic/?menu=mInformationen" "Mozilla/5.0 (Windows NT 10.0; WOW64; rv:51.0) Gecko/20100101 Firefox/51.0"
::1 - - [01/Feb/2017:19:39:46 +0100] "GET /website_brnic/BlueFire.jpg HTTP/1.1" 304 - "http://localhost/website_brnic/css/frame.css" "Mozilla/5.0 (Windows NT 10.0; WOW64; rv:51.0) Gecko/20100101 Firefox/51.0"
::1 - - [01/Feb/2017:19:39:46 +0100] "GET /website_brnic/?menu=mInformationen HTTP/1.1" 200 1161 "-" "Mozilla/5.0 (Windows NT 10.0; WOW64; rv:51.0) Gecko/20100101 Firefox/51.0"
::1 - - [01/Feb/2017:19:39:47 +0100] "GET /website_brnic/css/frame.css HTTP/1.1" 304 - "http://localhost/website_brnic/?menu=mInformationen" "Mozilla/5.0 (Windows NT 10.0; WOW64; rv:51.0) Gecko/20100101 Firefox/51.0"
::1 - - [01/Feb/2017:19:39:47 +0100] "GET /website_brnic/BlueFire.jpg HTTP/1.1" 304 - "http://localhost/website_brnic/css/frame.css" "Mozilla/5.0 (Windows NT 10.0; WOW64; rv:51.0) Gecko/20100101 Firefox/51.0"
::1 - - [01/Feb/2017:19:39:47 +0100] "GET /website_brnic/?menu=mInformationen HTTP/1.1" 200 1161 "-" "Mozilla/5.0 (Windows NT 10.0; WOW64; rv:51.0) Gecko/20100101 Firefox/51.0"
::1 - - [01/Feb/2017:19:39:47 +0100] "GET /website_brnic/css/frame.css HTTP/1.1" 304 - "http://localhost/website_brnic/?menu=mInformationen" "Mozilla/5.0 (Windows NT 10.0; WOW64; rv:51.0) Gecko/20100101 Firefox/51.0"
::1 - - [01/Feb/2017:19:39:47 +0100] "GET /website_brnic/BlueFire.jpg HTTP/1.1" 304 - "http://localhost/website_brnic/css/frame.css" "Mozilla/5.0 (Windows NT 10.0; WOW64; rv:51.0) Gecko/20100101 Firefox/51.0"
::1 - - [01/Feb/2017:19:39:48 +0100] "GET /website_brnic/?menu=mInformationen HTTP/1.1" 200 1161 "-" "Mozilla/5.0 (Windows NT 10.0; WOW64; rv:51.0) Gecko/20100101 Firefox/51.0"
::1 - - [01/Feb/2017:19:39:48 +0100] "GET /website_brnic/css/frame.css HTTP/1.1" 304 - "http://localhost/website_brnic/?menu=mInformationen" "Mozilla/5.0 (Windows NT 10.0; WOW64; rv:51.0) Gecko/20100101 Firefox/51.0"
::1 - - [01/Feb/2017:19:39:48 +0100] "GET /website_brnic/BlueFire.jpg HTTP/1.1" 304 - "http://localhost/website_brnic/css/frame.css" "Mozilla/5.0 (Windows NT 10.0; WOW64; rv:51.0) Gecko/20100101 Firefox/51.0"
::1 - - [01/Feb/2017:19:39:48 +0100] "GET /website_brnic/?menu=mInformationen HTTP/1.1" 200 1161 "-" "Mozilla/5.0 (Windows NT 10.0; WOW64; rv:51.0) Gecko/20100101 Firefox/51.0"
::1 - - [01/Feb/2017:19:39:48 +0100] "GET /website_brnic/css/frame.css HTTP/1.1" 304 - "http://localhost/website_brnic/?menu=mInformationen" "Mozilla/5.0 (Windows NT 10.0; WOW64; rv:51.0) Gecko/20100101 Firefox/51.0"
::1 - - [01/Feb/2017:19:39:48 +0100] "GET /website_brnic/BlueFire.jpg HTTP/1.1" 304 - "http://localhost/website_brnic/css/frame.css" "Mozilla/5.0 (Windows NT 10.0; WOW64; rv:51.0) Gecko/20100101 Firefox/51.0"
::1 - - [01/Feb/2017:19:39:49 +0100] "GET /website_brnic/?menu=mInformationen HTTP/1.1" 200 1161 "-" "Mozilla/5.0 (Windows NT 10.0; WOW64; rv:51.0) Gecko/20100101 Firefox/51.0"
::1 - - [01/Feb/2017:19:39:49 +0100] "GET /website_brnic/css/frame.css HTTP/1.1" 304 - "http://localhost/website_brnic/?menu=mInformationen" "Mozilla/5.0 (Windows NT 10.0; WOW64; rv:51.0) Gecko/20100101 Firefox/51.0"
::1 - - [01/Feb/2017:19:39:49 +0100] "GET /website_brnic/BlueFire.jpg HTTP/1.1" 304 - "http://localhost/website_brnic/css/frame.css" "Mozilla/5.0 (Windows NT 10.0; WOW64; rv:51.0) Gecko/20100101 Firefox/51.0"
::1 - - [01/Feb/2017:19:40:15 +0100] "GET /website_brnic/?menu=mInformationen HTTP/1.1" 200 1161 "-" "Mozilla/5.0 (Windows NT 10.0; WOW64; rv:51.0) Gecko/20100101 Firefox/51.0"
::1 - - [01/Feb/2017:19:40:15 +0100] "GET /website_brnic/css/frame.css HTTP/1.1" 304 - "http://localhost/website_brnic/?menu=mInformationen" "Mozilla/5.0 (Windows NT 10.0; WOW64; rv:51.0) Gecko/20100101 Firefox/51.0"
::1 - - [01/Feb/2017:19:40:15 +0100] "GET /website_brnic/BlueFire.jpg HTTP/1.1" 304 - "http://localhost/website_brnic/css/frame.css" "Mozilla/5.0 (Windows NT 10.0; WOW64; rv:51.0) Gecko/20100101 Firefox/51.0"
::1 - - [01/Feb/2017:19:41:31 +0100] "GET /website_brnic/?menu=mInformationen HTTP/1.1" 200 1161 "-" "Mozilla/5.0 (Windows NT 10.0; WOW64; rv:51.0) Gecko/20100101 Firefox/51.0"
::1 - - [01/Feb/2017:19:41:31 +0100] "GET /website_brnic/css/frame.css HTTP/1.1" 304 - "http://localhost/website_brnic/?menu=mInformationen" "Mozilla/5.0 (Windows NT 10.0; WOW64; rv:51.0) Gecko/20100101 Firefox/51.0"
::1 - - [01/Feb/2017:19:41:31 +0100] "GET /website_brnic/BlueFire.jpg HTTP/1.1" 304 - "http://localhost/website_brnic/css/frame.css" "Mozilla/5.0 (Windows NT 10.0; WOW64; rv:51.0) Gecko/20100101 Firefox/51.0"
::1 - - [01/Feb/2017:19:42:06 +0100] "GET /website_brnic/?menu=mInformationen HTTP/1.1" 200 1161 "-" "Mozilla/5.0 (Windows NT 10.0; Win64; x64) AppleWebKit/537.36 (KHTML, like Gecko) Chrome/55.0.2883.87 Safari/537.36"
::1 - - [01/Feb/2017:19:42:06 +0100] "GET /website_brnic/css/frame.css HTTP/1.1" 200 668 "http://localhost/website_brnic/?menu=mInformationen" "Mozilla/5.0 (Windows NT 10.0; Win64; x64) AppleWebKit/537.36 (KHTML, like Gecko) Chrome/55.0.2883.87 Safari/537.36"
::1 - - [01/Feb/2017:19:42:06 +0100] "GET /website_brnic/BlueFire.jpg HTTP/1.1" 200 153516 "http://localhost/website_brnic/css/frame.css" "Mozilla/5.0 (Windows NT 10.0; Win64; x64) AppleWebKit/537.36 (KHTML, like Gecko) Chrome/55.0.2883.87 Safari/537.36"
::1 - - [01/Feb/2017:19:42:06 +0100] "GET /favicon.ico HTTP/1.1" 404 1365 "http://localhost/website_brnic/?menu=mInformationen" "Mozilla/5.0 (Windows NT 10.0; Win64; x64) AppleWebKit/537.36 (KHTML, like Gecko) Chrome/55.0.2883.87 Safari/537.36"
::1 - - [01/Feb/2017:19:47:58 +0100] "GET /website_brnic/?menu=mInformationen HTTP/1.1" 200 1182 "-" "Mozilla/5.0 (Windows NT 10.0; Win64; x64) AppleWebKit/537.36 (KHTML, like Gecko) Chrome/55.0.2883.87 Safari/537.36"
::1 - - [01/Feb/2017:19:47:58 +0100] "GET /website_brnic/css/frame.css HTTP/1.1" 304 - "http://localhost/website_brnic/?menu=mInformationen" "Mozilla/5.0 (Windows NT 10.0; Win64; x64) AppleWebKit/537.36 (KHTML, like Gecko) Chrome/55.0.2883.87 Safari/537.36"
::1 - - [01/Feb/2017:19:47:58 +0100] "GET /website_brnic/BlueFire.jpg HTTP/1.1" 304 - "http://localhost/website_brnic/css/frame.css" "Mozilla/5.0 (Windows NT 10.0; Win64; x64) AppleWebKit/537.36 (KHTML, like Gecko) Chrome/55.0.2883.87 Safari/537.36"
::1 - - [01/Feb/2017:19:49:59 +0100] "GET /website_brnic/?menu=mInformationen HTTP/1.1" 200 1232 "-" "Mozilla/5.0 (Windows NT 10.0; WOW64; rv:51.0) Gecko/20100101 Firefox/51.0"
::1 - - [01/Feb/2017:19:50:00 +0100] "GET /website_brnic/css/frame.css HTTP/1.1" 304 - "http://localhost/website_brnic/?menu=mInformationen" "Mozilla/5.0 (Windows NT 10.0; WOW64; rv:51.0) Gecko/20100101 Firefox/51.0"
::1 - - [01/Feb/2017:19:50:00 +0100] "GET /website_brnic/BlueFire.jpg HTTP/1.1" 304 - "http://localhost/website_brnic/css/frame.css" "Mozilla/5.0 (Windows NT 10.0; WOW64; rv:51.0) Gecko/20100101 Firefox/51.0"
::1 - - [01/Feb/2017:19:50:26 +0100] "GET /website_brnic/?menu=mInformationen HTTP/1.1" 200 1236 "-" "Mozilla/5.0 (Windows NT 10.0; WOW64; rv:51.0) Gecko/20100101 Firefox/51.0"
::1 - - [01/Feb/2017:19:50:26 +0100] "GET /website_brnic/css/frame.css HTTP/1.1" 304 - "http://localhost/website_brnic/?menu=mInformationen" "Mozilla/5.0 (Windows NT 10.0; WOW64; rv:51.0) Gecko/20100101 Firefox/51.0"
::1 - - [01/Feb/2017:19:50:26 +0100] "GET /website_brnic/BlueFire.jpg HTTP/1.1" 304 - "http://localhost/website_brnic/css/frame.css" "Mozilla/5.0 (Windows NT 10.0; WOW64; rv:51.0) Gecko/20100101 Firefox/51.0"
::1 - - [01/Feb/2017:20:01:14 +0100] "GET /website_brnic/?menu=mInformationen HTTP/1.1" 200 1343 "-" "Mozilla/5.0 (Windows NT 10.0; WOW64; rv:51.0) Gecko/20100101 Firefox/51.0"
::1 - - [01/Feb/2017:20:01:14 +0100] "GET /website_brnic/css/frame.css HTTP/1.1" 304 - "http://localhost/website_brnic/?menu=mInformationen" "Mozilla/5.0 (Windows NT 10.0; WOW64; rv:51.0) Gecko/20100101 Firefox/51.0"
::1 - - [01/Feb/2017:20:01:15 +0100] "GET /website_brnic/BlueFire.jpg HTTP/1.1" 304 - "http://localhost/website_brnic/css/frame.css" "Mozilla/5.0 (Windows NT 10.0; WOW64; rv:51.0) Gecko/20100101 Firefox/51.0"
::1 - - [01/Feb/2017:20:02:44 +0100] "GET /website_brnic/?menu=mInformationen HTTP/1.1" 200 1442 "-" "Mozilla/5.0 (Windows NT 10.0; WOW64; rv:51.0) Gecko/20100101 Firefox/51.0"
::1 - - [01/Feb/2017:20:02:44 +0100] "GET /website_brnic/css/frame.css HTTP/1.1" 304 - "http://localhost/website_brnic/?menu=mInformationen" "Mozilla/5.0 (Windows NT 10.0; WOW64; rv:51.0) Gecko/20100101 Firefox/51.0"
::1 - - [01/Feb/2017:20:02:45 +0100] "GET /website_brnic/BlueFire.jpg HTTP/1.1" 304 - "http://localhost/website_brnic/css/frame.css" "Mozilla/5.0 (Windows NT 10.0; WOW64; rv:51.0) Gecko/20100101 Firefox/51.0"
::1 - - [01/Feb/2017:20:07:09 +0100] "GET /website_brnic/?menu=mInformationen HTTP/1.1" 200 1460 "-" "Mozilla/5.0 (Windows NT 10.0; WOW64; rv:51.0) Gecko/20100101 Firefox/51.0"
::1 - - [01/Feb/2017:20:07:09 +0100] "GET /website_brnic/css/frame.css HTTP/1.1" 304 - "http://localhost/website_brnic/?menu=mInformationen" "Mozilla/5.0 (Windows NT 10.0; WOW64; rv:51.0) Gecko/20100101 Firefox/51.0"
::1 - - [01/Feb/2017:20:07:09 +0100] "GET /website_brnic/BlueFire.jpg HTTP/1.1" 304 - "http://localhost/website_brnic/css/frame.css" "Mozilla/5.0 (Windows NT 10.0; WOW64; rv:51.0) Gecko/20100101 Firefox/51.0"
::1 - - [01/Feb/2017:20:08:17 +0100] "GET /website_brnic/?menu=mInformationen HTTP/1.1" 200 1484 "-" "Mozilla/5.0 (Windows NT 10.0; WOW64; rv:51.0) Gecko/20100101 Firefox/51.0"
::1 - - [01/Feb/2017:20:08:17 +0100] "GET /website_brnic/css/frame.css HTTP/1.1" 304 - "http://localhost/website_brnic/?menu=mInformationen" "Mozilla/5.0 (Windows NT 10.0; WOW64; rv:51.0) Gecko/20100101 Firefox/51.0"
::1 - - [01/Feb/2017:20:08:17 +0100] "GET /website_brnic/BlueFire.jpg HTTP/1.1" 304 - "http://localhost/website_brnic/css/frame.css" "Mozilla/5.0 (Windows NT 10.0; WOW64; rv:51.0) Gecko/20100101 Firefox/51.0"
::1 - - [01/Feb/2017:20:08:18 +0100] "GET /website_brnic/?menu=mInformationen HTTP/1.1" 200 1484 "-" "Mozilla/5.0 (Windows NT 10.0; WOW64; rv:51.0) Gecko/20100101 Firefox/51.0"
::1 - - [01/Feb/2017:20:08:19 +0100] "GET /website_brnic/css/frame.css HTTP/1.1" 304 - "http://localhost/website_brnic/?menu=mInformationen" "Mozilla/5.0 (Windows NT 10.0; WOW64; rv:51.0) Gecko/20100101 Firefox/51.0"
::1 - - [01/Feb/2017:20:08:19 +0100] "GET /website_brnic/BlueFire.jpg HTTP/1.1" 304 - "http://localhost/website_brnic/css/frame.css" "Mozilla/5.0 (Windows NT 10.0; WOW64; rv:51.0) Gecko/20100101 Firefox/51.0"
::1 - - [01/Feb/2017:20:09:05 +0100] "GET /website_brnic/?menu=mInformationen HTTP/1.1" 200 1480 "-" "Mozilla/5.0 (Windows NT 10.0; WOW64; rv:51.0) Gecko/20100101 Firefox/51.0"
::1 - - [01/Feb/2017:20:09:05 +0100] "GET /website_brnic/css/frame.css HTTP/1.1" 304 - "http://localhost/website_brnic/?menu=mInformationen" "Mozilla/5.0 (Windows NT 10.0; WOW64; rv:51.0) Gecko/20100101 Firefox/51.0"
::1 - - [01/Feb/2017:20:09:05 +0100] "GET /website_brnic/BlueFire.jpg HTTP/1.1" 304 - "http://localhost/website_brnic/css/frame.css" "Mozilla/5.0 (Windows NT 10.0; WOW64; rv:51.0) Gecko/20100101 Firefox/51.0"
::1 - - [01/Feb/2017:20:21:56 +0100] "GET /website_brnic/?menu=mInformationen HTTP/1.1" 200 1480 "-" "Mozilla/5.0 (Windows NT 10.0; WOW64; rv:51.0) Gecko/20100101 Firefox/51.0"
::1 - - [01/Feb/2017:20:21:56 +0100] "GET /website_brnic/css/frame.css HTTP/1.1" 304 - "http://localhost/website_brnic/?menu=mInformationen" "Mozilla/5.0 (Windows NT 10.0; WOW64; rv:51.0) Gecko/20100101 Firefox/51.0"
::1 - - [01/Feb/2017:20:21:56 +0100] "GET /website_brnic/BlueFire.jpg HTTP/1.1" 304 - "http://localhost/website_brnic/css/frame.css" "Mozilla/5.0 (Windows NT 10.0; WOW64; rv:51.0) Gecko/20100101 Firefox/51.0"
::1 - - [27/Apr/2017:21:50:02 +0200] "GET /Tasks/index.php HTTP/1.1" 200 910 "-" "Mozilla/5.0 (Windows NT 10.0; Win64; x64; rv:53.0) Gecko/20100101 Firefox/53.0"
::1 - - [27/Apr/2017:21:50:02 +0200] "GET /favicon.ico HTTP/1.1" 404 1054 "-" "Mozilla/5.0 (Windows NT 10.0; Win64; x64; rv:53.0) Gecko/20100101 Firefox/53.0"
::1 - - [27/Apr/2017:21:50:02 +0200] "GET /favicon.ico HTTP/1.1" 404 1054 "-" "Mozilla/5.0 (Windows NT 10.0; Win64; x64; rv:53.0) Gecko/20100101 Firefox/53.0"
::1 - - [27/Apr/2017:21:51:44 +0200] "GET /mhtask/index.php HTTP/1.1" 302 - "-" "Mozilla/5.0 (Windows NT 10.0; Win64; x64; rv:53.0) Gecko/20100101 Firefox/53.0"
::1 - - [27/Apr/2017:21:51:44 +0200] "GET /mhtask/error.php HTTP/1.1" 200 423 "-" "Mozilla/5.0 (Windows NT 10.0; Win64; x64; rv:53.0) Gecko/20100101 Firefox/53.0"
::1 - - [27/Apr/2017:21:51:44 +0200] "GET /mhtask/bootstrap.css HTTP/1.1" 200 148626 "http://localhost/mhtask/error.php" "Mozilla/5.0 (Windows NT 10.0; Win64; x64; rv:53.0) Gecko/20100101 Firefox/53.0"
::1 - - [27/Apr/2017:21:51:52 +0200] "GET /mhcom/error.php HTTP/1.1" 404 1054 "-" "Mozilla/5.0 (Windows NT 10.0; Win64; x64; rv:53.0) Gecko/20100101 Firefox/53.0"
::1 - - [27/Apr/2017:21:51:59 +0200] "GET /mhcom/index.php HTTP/1.1" 404 1054 "-" "Mozilla/5.0 (Windows NT 10.0; Win64; x64; rv:53.0) Gecko/20100101 Firefox/53.0"
::1 - - [27/Apr/2017:21:52:05 +0200] "GET /mhcom HTTP/1.1" 301 331 "-" "Mozilla/5.0 (Windows NT 10.0; Win64; x64; rv:53.0) Gecko/20100101 Firefox/53.0"
::1 - - [27/Apr/2017:21:52:05 +0200] "GET /mhcom/ HTTP/1.1" 200 4561 "-" "Mozilla/5.0 (Windows NT 10.0; Win64; x64; rv:53.0) Gecko/20100101 Firefox/53.0"
::1 - - [27/Apr/2017:21:52:05 +0200] "GET /mhcom/style.css HTTP/1.1" 200 62525 "http://localhost/mhcom/" "Mozilla/5.0 (Windows NT 10.0; Win64; x64; rv:53.0) Gecko/20100101 Firefox/53.0"
::1 - - [27/Apr/2017:21:52:05 +0200] "GET /mhcom/thumbnail_Moneyhouse_Logo_rgb_532x86.jpg HTTP/1.1" 200 18698 "http://localhost/mhcom/" "Mozilla/5.0 (Windows NT 10.0; Win64; x64; rv:53.0) Gecko/20100101 Firefox/53.0"
::1 - - [27/Apr/2017:21:52:05 +0200] "GET /mhcom/flag-switzerland.png HTTP/1.1" 200 19976 "http://localhost/mhcom/" "Mozilla/5.0 (Windows NT 10.0; Win64; x64; rv:53.0) Gecko/20100101 Firefox/53.0"
::1 - - [27/Apr/2017:21:52:05 +0200] "GET /mhcom/flag-germany.png HTTP/1.1" 200 19439 "http://localhost/mhcom/" "Mozilla/5.0 (Windows NT 10.0; Win64; x64; rv:53.0) Gecko/20100101 Firefox/53.0"
::1 - - [27/Apr/2017:21:52:05 +0200] "GET /mhcom/weltkugel-transparent_200px_schmal.png HTTP/1.1" 200 12946 "http://localhost/mhcom/style.css" "Mozilla/5.0 (Windows NT 10.0; Win64; x64; rv:53.0) Gecko/20100101 Firefox/53.0"
::1 - - [27/Apr/2017:21:52:05 +0200] "GET /fonts/ClearSans-Regular.eot HTTP/1.1" 404 1206 "http://localhost/mhcom/style.css" "Mozilla/5.0 (Windows NT 10.0; Win64; x64; rv:53.0) Gecko/20100101 Firefox/53.0"
::1 - - [27/Apr/2017:21:52:05 +0200] "GET /fonts/PTF76F-webfont.eot HTTP/1.1" 404 1206 "http://localhost/mhcom/style.css" "Mozilla/5.0 (Windows NT 10.0; Win64; x64; rv:53.0) Gecko/20100101 Firefox/53.0"
::1 - - [27/Apr/2017:21:52:05 +0200] "GET /fonts/ClearSans-Bold.eot HTTP/1.1" 404 1206 "http://localhost/mhcom/style.css" "Mozilla/5.0 (Windows NT 10.0; Win64; x64; rv:53.0) Gecko/20100101 Firefox/53.0"
::1 - - [27/Apr/2017:21:52:05 +0200] "GET /fonts/ClearSans-Regular.woff HTTP/1.1" 404 1206 "http://localhost/mhcom/style.css" "Mozilla/5.0 (Windows NT 10.0; Win64; x64; rv:53.0) Gecko/20100101 Firefox/53.0"
::1 - - [27/Apr/2017:21:52:06 +0200] "GET /fonts/ClearSans-Bold.woff HTTP/1.1" 404 1206 "http://localhost/mhcom/style.css" "Mozilla/5.0 (Windows NT 10.0; Win64; x64; rv:53.0) Gecko/20100101 Firefox/53.0"
::1 - - [27/Apr/2017:21:52:06 +0200] "GET /fonts/PTF76F-webfont.woff HTTP/1.1" 404 1206 "http://localhost/mhcom/style.css" "Mozilla/5.0 (Windows NT 10.0; Win64; x64; rv:53.0) Gecko/20100101 Firefox/53.0"
::1 - - [27/Apr/2017:21:52:06 +0200] "GET /fonts/ClearSans-Regular.ttf HTTP/1.1" 404 1206 "http://localhost/mhcom/style.css" "Mozilla/5.0 (Windows NT 10.0; Win64; x64; rv:53.0) Gecko/20100101 Firefox/53.0"
::1 - - [27/Apr/2017:21:52:06 +0200] "GET /fonts/ClearSans-Bold.ttf HTTP/1.1" 404 1206 "http://localhost/mhcom/style.css" "Mozilla/5.0 (Windows NT 10.0; Win64; x64; rv:53.0) Gecko/20100101 Firefox/53.0"
::1 - - [27/Apr/2017:21:52:06 +0200] "GET /fonts/PTF76F-webfont.ttf HTTP/1.1" 404 1206 "http://localhost/mhcom/style.css" "Mozilla/5.0 (Windows NT 10.0; Win64; x64; rv:53.0) Gecko/20100101 Firefox/53.0"
::1 - - [27/Apr/2017:22:03:41 +0200] "GET /mhtask/ HTTP/1.1" 302 - "-" "Mozilla/5.0 (Windows NT 10.0; Win64; x64; rv:53.0) Gecko/20100101 Firefox/53.0"
::1 - - [27/Apr/2017:22:03:41 +0200] "GET /mhtask/error.php HTTP/1.1" 200 423 "-" "Mozilla/5.0 (Windows NT 10.0; Win64; x64; rv:53.0) Gecko/20100101 Firefox/53.0"
::1 - - [27/Apr/2017:22:03:42 +0200] "GET /mhtask/bootstrap.css HTTP/1.1" 304 - "http://localhost/mhtask/error.php" "Mozilla/5.0 (Windows NT 10.0; Win64; x64; rv:53.0) Gecko/20100101 Firefox/53.0"
::1 - - [27/Apr/2017:22:03:48 +0200] "GET /Task HTTP/1.1" 404 1054 "-" "Mozilla/5.0 (Windows NT 10.0; Win64; x64; rv:53.0) Gecko/20100101 Firefox/53.0"
::1 - - [27/Apr/2017:22:04:03 +0200] "GET /Task/index.php HTTP/1.1" 404 1054 "-" "Mozilla/5.0 (Windows NT 10.0; Win64; x64; rv:53.0) Gecko/20100101 Firefox/53.0"
::1 - - [27/Apr/2017:22:04:09 +0200] "GET / HTTP/1.1" 200 2270 "-" "Mozilla/5.0 (Windows NT 10.0; Win64; x64; rv:53.0) Gecko/20100101 Firefox/53.0"
::1 - - [27/Apr/2017:22:04:09 +0200] "GET /icons/blank.gif HTTP/1.1" 200 148 "http://localhost/" "Mozilla/5.0 (Windows NT 10.0; Win64; x64; rv:53.0) Gecko/20100101 Firefox/53.0"
::1 - - [27/Apr/2017:22:04:09 +0200] "GET /icons/folder.gif HTTP/1.1" 200 225 "http://localhost/" "Mozilla/5.0 (Windows NT 10.0; Win64; x64; rv:53.0) Gecko/20100101 Firefox/53.0"
::1 - - [27/Apr/2017:22:04:13 +0200] "GET /Tasks/ HTTP/1.1" 200 910 "http://localhost/" "Mozilla/5.0 (Windows NT 10.0; Win64; x64; rv:53.0) Gecko/20100101 Firefox/53.0"
::1 - - [28/Apr/2017:07:39:09 +0200] "GET /mhtask HTTP/1.1" 301 332 "-" "Mozilla/5.0 (Windows NT 10.0; Win64; x64; rv:53.0) Gecko/20100101 Firefox/53.0"
::1 - - [28/Apr/2017:07:39:09 +0200] "GET /mhtask/ HTTP/1.1" 302 - "-" "Mozilla/5.0 (Windows NT 10.0; Win64; x64; rv:53.0) Gecko/20100101 Firefox/53.0"
::1 - - [28/Apr/2017:07:39:09 +0200] "GET /mhtask/error.php HTTP/1.1" 200 423 "-" "Mozilla/5.0 (Windows NT 10.0; Win64; x64; rv:53.0) Gecko/20100101 Firefox/53.0"
::1 - - [28/Apr/2017:07:39:09 +0200] "GET /mhtask/bootstrap.css HTTP/1.1" 200 148626 "http://localhost/mhtask/error.php" "Mozilla/5.0 (Windows NT 10.0; Win64; x64; rv:53.0) Gecko/20100101 Firefox/53.0"
::1 - - [28/Apr/2017:07:39:09 +0200] "GET /favicon.ico HTTP/1.1" 404 1054 "-" "Mozilla/5.0 (Windows NT 10.0; Win64; x64; rv:53.0) Gecko/20100101 Firefox/53.0"
::1 - - [28/Apr/2017:07:39:09 +0200] "GET /favicon.ico HTTP/1.1" 404 1054 "-" "Mozilla/5.0 (Windows NT 10.0; Win64; x64; rv:53.0) Gecko/20100101 Firefox/53.0"
::1 - - [28/Apr/2017:07:40:17 +0200] "GET /mhtask/error.php HTTP/1.1" 200 423 "-" "Mozilla/5.0 (Windows NT 10.0; Win64; x64; rv:53.0) Gecko/20100101 Firefox/53.0"
::1 - - [28/Apr/2017:07:40:18 +0200] "GET /mhtask/bootstrap.css HTTP/1.1" 304 - "http://localhost/mhtask/error.php" "Mozilla/5.0 (Windows NT 10.0; Win64; x64; rv:53.0) Gecko/20100101 Firefox/53.0"
::1 - - [28/Apr/2017:07:40:21 +0200] "GET /mhtask/error.php HTTP/1.1" 200 423 "-" "Mozilla/5.0 (Windows NT 10.0; Win64; x64; rv:53.0) Gecko/20100101 Firefox/53.0"
::1 - - [28/Apr/2017:07:40:26 +0200] "GET /mhtask/ HTTP/1.1" 200 917 "-" "Mozilla/5.0 (Windows NT 10.0; Win64; x64; rv:53.0) Gecko/20100101 Firefox/53.0"
::1 - - [28/Apr/2017:07:41:27 +0200] "GET /mhtask/ HTTP/1.1" 200 915 "-" "Mozilla/5.0 (Windows NT 10.0; Win64; x64; rv:53.0) Gecko/20100101 Firefox/53.0"
::1 - - [28/Apr/2017:07:41:32 +0200] "GET /mhtask/ HTTP/1.1" 200 915 "-" "Mozilla/5.0 (Windows NT 10.0; Win64; x64; rv:53.0) Gecko/20100101 Firefox/53.0"
::1 - - [28/Apr/2017:07:41:32 +0200] "GET /mhtask/ HTTP/1.1" 200 915 "-" "Mozilla/5.0 (Windows NT 10.0; Win64; x64; rv:53.0) Gecko/20100101 Firefox/53.0"
::1 - - [28/Apr/2017:07:41:32 +0200] "GET /mhtask/ HTTP/1.1" 200 915 "-" "Mozilla/5.0 (Windows NT 10.0; Win64; x64; rv:53.0) Gecko/20100101 Firefox/53.0"
::1 - - [28/Apr/2017:07:41:33 +0200] "GET /mhtask/ HTTP/1.1" 200 915 "-" "Mozilla/5.0 (Windows NT 10.0; Win64; x64; rv:53.0) Gecko/20100101 Firefox/53.0"
::1 - - [28/Apr/2017:07:41:33 +0200] "GET /mhtask/ HTTP/1.1" 200 915 "-" "Mozilla/5.0 (Windows NT 10.0; Win64; x64; rv:53.0) Gecko/20100101 Firefox/53.0"
::1 - - [28/Apr/2017:07:41:33 +0200] "GET /mhtask/ HTTP/1.1" 200 915 "-" "Mozilla/5.0 (Windows NT 10.0; Win64; x64; rv:53.0) Gecko/20100101 Firefox/53.0"
::1 - - [28/Apr/2017:07:42:15 +0200] "GET /mhtask/ HTTP/1.1" 302 - "-" "Mozilla/5.0 (Windows NT 10.0; Win64; x64; rv:53.0) Gecko/20100101 Firefox/53.0"
::1 - - [28/Apr/2017:07:42:15 +0200] "GET /mhtask/error.php HTTP/1.1" 200 423 "-" "Mozilla/5.0 (Windows NT 10.0; Win64; x64; rv:53.0) Gecko/20100101 Firefox/53.0"
::1 - - [28/Apr/2017:07:42:15 +0200] "GET /mhtask/bootstrap.css HTTP/1.1" 304 - "http://localhost/mhtask/error.php" "Mozilla/5.0 (Windows NT 10.0; Win64; x64; rv:53.0) Gecko/20100101 Firefox/53.0"
::1 - - [28/Apr/2017:07:43:42 +0200] "GET /mhcom HTTP/1.1" 301 331 "-" "Mozilla/5.0 (Windows NT 10.0; Win64; x64; rv:53.0) Gecko/20100101 Firefox/53.0"
::1 - - [28/Apr/2017:07:43:42 +0200] "GET /mhcom/ HTTP/1.1" 200 4561 "-" "Mozilla/5.0 (Windows NT 10.0; Win64; x64; rv:53.0) Gecko/20100101 Firefox/53.0"
::1 - - [28/Apr/2017:07:43:42 +0200] "GET /mhcom/style.css HTTP/1.1" 200 62525 "http://localhost/mhcom/" "Mozilla/5.0 (Windows NT 10.0; Win64; x64; rv:53.0) Gecko/20100101 Firefox/53.0"
::1 - - [28/Apr/2017:07:43:42 +0200] "GET /mhcom/thumbnail_Moneyhouse_Logo_rgb_532x86.jpg HTTP/1.1" 200 18698 "http://localhost/mhcom/" "Mozilla/5.0 (Windows NT 10.0; Win64; x64; rv:53.0) Gecko/20100101 Firefox/53.0"
::1 - - [28/Apr/2017:07:43:42 +0200] "GET /mhcom/flag-switzerland.png HTTP/1.1" 200 19976 "http://localhost/mhcom/" "Mozilla/5.0 (Windows NT 10.0; Win64; x64; rv:53.0) Gecko/20100101 Firefox/53.0"
::1 - - [28/Apr/2017:07:43:42 +0200] "GET /mhcom/flag-germany.png HTTP/1.1" 200 19439 "http://localhost/mhcom/" "Mozilla/5.0 (Windows NT 10.0; Win64; x64; rv:53.0) Gecko/20100101 Firefox/53.0"
::1 - - [28/Apr/2017:07:43:42 +0200] "GET /mhcom/weltkugel-transparent_200px_schmal.png HTTP/1.1" 200 12946 "http://localhost/mhcom/style.css" "Mozilla/5.0 (Windows NT 10.0; Win64; x64; rv:53.0) Gecko/20100101 Firefox/53.0"
::1 - - [28/Apr/2017:07:43:42 +0200] "GET /fonts/ClearSans-Regular.eot HTTP/1.1" 404 1206 "http://localhost/mhcom/style.css" "Mozilla/5.0 (Windows NT 10.0; Win64; x64; rv:53.0) Gecko/20100101 Firefox/53.0"
::1 - - [28/Apr/2017:07:43:42 +0200] "GET /fonts/PTF76F-webfont.eot HTTP/1.1" 404 1206 "http://localhost/mhcom/style.css" "Mozilla/5.0 (Windows NT 10.0; Win64; x64; rv:53.0) Gecko/20100101 Firefox/53.0"
::1 - - [28/Apr/2017:07:43:42 +0200] "GET /fonts/ClearSans-Bold.eot HTTP/1.1" 404 1206 "http://localhost/mhcom/style.css" "Mozilla/5.0 (Windows NT 10.0; Win64; x64; rv:53.0) Gecko/20100101 Firefox/53.0"
::1 - - [28/Apr/2017:07:43:42 +0200] "GET /fonts/ClearSans-Regular.woff HTTP/1.1" 404 1206 "http://localhost/mhcom/style.css" "Mozilla/5.0 (Windows NT 10.0; Win64; x64; rv:53.0) Gecko/20100101 Firefox/53.0"
::1 - - [28/Apr/2017:07:43:42 +0200] "GET /fonts/ClearSans-Bold.woff HTTP/1.1" 404 1206 "http://localhost/mhcom/style.css" "Mozilla/5.0 (Windows NT 10.0; Win64; x64; rv:53.0) Gecko/20100101 Firefox/53.0"
::1 - - [28/Apr/2017:07:43:42 +0200] "GET /fonts/PTF76F-webfont.woff HTTP/1.1" 404 1206 "http://localhost/mhcom/style.css" "Mozilla/5.0 (Windows NT 10.0; Win64; x64; rv:53.0) Gecko/20100101 Firefox/53.0"
::1 - - [28/Apr/2017:07:43:42 +0200] "GET /fonts/ClearSans-Regular.ttf HTTP/1.1" 404 1206 "http://localhost/mhcom/style.css" "Mozilla/5.0 (Windows NT 10.0; Win64; x64; rv:53.0) Gecko/20100101 Firefox/53.0"
::1 - - [28/Apr/2017:07:43:42 +0200] "GET /fonts/PTF76F-webfont.ttf HTTP/1.1" 404 1206 "http://localhost/mhcom/style.css" "Mozilla/5.0 (Windows NT 10.0; Win64; x64; rv:53.0) Gecko/20100101 Firefox/53.0"
::1 - - [28/Apr/2017:07:43:42 +0200] "GET /fonts/ClearSans-Bold.ttf HTTP/1.1" 404 1206 "http://localhost/mhcom/style.css" "Mozilla/5.0 (Windows NT 10.0; Win64; x64; rv:53.0) Gecko/20100101 Firefox/53.0"
::1 - - [11/Jun/2017:17:11:26 +0200] "GET / HTTP/1.1" 200 2500 "-" "Mozilla/5.0 (Windows NT 10.0; Win64; x64; rv:53.0) Gecko/20100101 Firefox/53.0"
::1 - - [11/Jun/2017:17:11:27 +0200] "GET /icons/blank.gif HTTP/1.1" 200 148 "http://localhost/" "Mozilla/5.0 (Windows NT 10.0; Win64; x64; rv:53.0) Gecko/20100101 Firefox/53.0"
::1 - - [11/Jun/2017:17:11:27 +0200] "GET /icons/folder.gif HTTP/1.1" 200 225 "http://localhost/" "Mozilla/5.0 (Windows NT 10.0; Win64; x64; rv:53.0) Gecko/20100101 Firefox/53.0"
::1 - - [11/Jun/2017:17:11:27 +0200] "GET /favicon.ico HTTP/1.1" 404 1054 "-" "Mozilla/5.0 (Windows NT 10.0; Win64; x64; rv:53.0) Gecko/20100101 Firefox/53.0"
::1 - - [11/Jun/2017:17:11:27 +0200] "GET /favicon.ico HTTP/1.1" 404 1054 "-" "Mozilla/5.0 (Windows NT 10.0; Win64; x64; rv:53.0) Gecko/20100101 Firefox/53.0"
::1 - - [11/Jun/2017:17:11:30 +0200] "GET /php-template-151-infa2a/ HTTP/1.1" 200 2729 "http://localhost/" "Mozilla/5.0 (Windows NT 10.0; Win64; x64; rv:53.0) Gecko/20100101 Firefox/53.0"
::1 - - [11/Jun/2017:17:11:30 +0200] "GET /icons/back.gif HTTP/1.1" 200 216 "http://localhost/php-template-151-infa2a/" "Mozilla/5.0 (Windows NT 10.0; Win64; x64; rv:53.0) Gecko/20100101 Firefox/53.0"
::1 - - [11/Jun/2017:17:11:30 +0200] "GET /icons/text.gif HTTP/1.1" 200 229 "http://localhost/php-template-151-infa2a/" "Mozilla/5.0 (Windows NT 10.0; Win64; x64; rv:53.0) Gecko/20100101 Firefox/53.0"
::1 - - [11/Jun/2017:17:11:30 +0200] "GET /icons/unknown.gif HTTP/1.1" 200 245 "http://localhost/php-template-151-infa2a/" "Mozilla/5.0 (Windows NT 10.0; Win64; x64; rv:53.0) Gecko/20100101 Firefox/53.0"
::1 - - [11/Jun/2017:17:11:30 +0200] "GET /icons/script.gif HTTP/1.1" 200 242 "http://localhost/php-template-151-infa2a/" "Mozilla/5.0 (Windows NT 10.0; Win64; x64; rv:53.0) Gecko/20100101 Firefox/53.0"
::1 - - [11/Jun/2017:17:11:33 +0200] "GET /php-template-151-infa2a/website/ HTTP/1.1" 200 2542 "http://localhost/php-template-151-infa2a/" "Mozilla/5.0 (Windows NT 10.0; Win64; x64; rv:53.0) Gecko/20100101 Firefox/53.0"
::1 - - [11/Jun/2017:17:11:37 +0200] "GET /php-template-151-infa2a/website/web/ HTTP/1.1" 200 429 "http://localhost/php-template-151-infa2a/website/" "Mozilla/5.0 (Windows NT 10.0; Win64; x64; rv:53.0) Gecko/20100101 Firefox/53.0"
::1 - - [11/Jun/2017:17:11:53 +0200] "GET /php-template-151-infa2a/website/src/ HTTP/1.1" 200 1725 "http://localhost/php-template-151-infa2a/website/" "Mozilla/5.0 (Windows NT 10.0; Win64; x64; rv:53.0) Gecko/20100101 Firefox/53.0"
::1 - - [11/Jun/2017:17:12:32 +0200] "GET /php-template-151-infa2a/website/ HTTP/1.1" 200 2542 "http://localhost/php-template-151-infa2a/website/src/" "Mozilla/5.0 (Windows NT 10.0; Win64; x64; rv:53.0) Gecko/20100101 Firefox/53.0"
::1 - - [11/Jun/2017:17:12:36 +0200] "GET /php-template-151-infa2a/website/web/ HTTP/1.1" 200 429 "http://localhost/php-template-151-infa2a/website/" "Mozilla/5.0 (Windows NT 10.0; Win64; x64; rv:53.0) Gecko/20100101 Firefox/53.0"
::1 - - [11/Jun/2017:17:14:46 +0200] "GET /php-template-151-infa2a/website/web/ HTTP/1.1" 200 159 "http://localhost/php-template-151-infa2a/website/" "Mozilla/5.0 (Windows NT 10.0; Win64; x64; rv:53.0) Gecko/20100101 Firefox/53.0"
::1 - - [11/Jun/2017:17:33:27 +0200] "GET /php-template-151-infa2a/website/web/ HTTP/1.1" 200 429 "http://localhost/php-template-151-infa2a/website/" "Mozilla/5.0 (Windows NT 10.0; Win64; x64; rv:53.0) Gecko/20100101 Firefox/53.0"
::1 - - [12/Jan/2019:20:04:35 +0100] "GET /index.php HTTP/1.1" 200 149 "-" "Mozilla/5.0 (Windows NT 10.0; Win64; x64; rv:64.0) Gecko/20100101 Firefox/64.0"
::1 - - [12/Jan/2019:20:04:35 +0100] "GET /favicon.ico HTTP/1.1" 404 1054 "-" "Mozilla/5.0 (Windows NT 10.0; Win64; x64; rv:64.0) Gecko/20100101 Firefox/64.0"
::1 - - [12/Jan/2019:20:05:55 +0100] "GET /index.php HTTP/1.1" 200 149 "-" "Mozilla/5.0 (Windows NT 10.0; Win64; x64; rv:64.0) Gecko/20100101 Firefox/64.0"
::1 - - [12/Jan/2019:20:07:17 +0100] "GET /index.php HTTP/1.1" 200 149 "-" "Mozilla/5.0 (Windows NT 10.0; Win64; x64; rv:64.0) Gecko/20100101 Firefox/64.0"
127.0.0.1 - - [13/Jan/2019:14:30:30 +0100] "GET /index.php HTTP/1.1" 302 311 "-" "Mozilla/5.0 (Windows NT 10.0; Win64; x64; rv:64.0) Gecko/20100101 Firefox/64.0"
127.0.0.1 - - [13/Jan/2019:14:38:35 +0100] "GET /index.php HTTP/1.1" 200 149 "https://localhost/index.php" "Mozilla/5.0 (Windows NT 10.0; Win64; x64; rv:64.0) Gecko/20100101 Firefox/64.0"
127.0.0.1 - - [13/Jan/2019:14:55:39 +0100] "GET /index.php HTTP/1.1" 302 311 "-" "Mozilla/5.0 (Windows NT 10.0; Win64; x64; rv:64.0) Gecko/20100101 Firefox/64.0"
127.0.0.1 - - [13/Jan/2019:14:55:39 +0100] "GET /index.php HTTP/1.1" 200 149 "-" "Mozilla/5.0 (Windows NT 10.0; Win64; x64; rv:64.0) Gecko/20100101 Firefox/64.0"
