[Thu Apr 14 19:17:34.828483 2016] [ssl:warn] [pid 7440:tid 524] AH01909: www.example.com:443:0 server certificate does NOT include an ID which matches the server name
[Thu Apr 14 19:17:34.953464 2016] [ssl:warn] [pid 7440:tid 524] AH01909: www.example.com:443:0 server certificate does NOT include an ID which matches the server name
[Thu Apr 14 19:17:34.984737 2016] [mpm_winnt:notice] [pid 7440:tid 524] AH00455: Apache/2.4.17 (Win32) OpenSSL/1.0.2d PHP/5.6.19 configured -- resuming normal operations
[Thu Apr 14 19:17:34.984737 2016] [mpm_winnt:notice] [pid 7440:tid 524] AH00456: Apache Lounge VC11 Server built: Oct 13 2015 10:54:13
[Thu Apr 14 19:17:34.984737 2016] [core:notice] [pid 7440:tid 524] AH00094: Command line: 'C:\\xampp\\apache\\bin\\httpd.exe -d C:/xampp/apache'
[Thu Apr 14 19:17:35.000340 2016] [mpm_winnt:notice] [pid 7440:tid 524] AH00418: Parent: Created child process 5260
[Thu Apr 14 19:17:35.515993 2016] [ssl:warn] [pid 5260:tid 572] AH01909: www.example.com:443:0 server certificate does NOT include an ID which matches the server name
[Thu Apr 14 19:17:35.672243 2016] [ssl:warn] [pid 5260:tid 572] AH01909: www.example.com:443:0 server certificate does NOT include an ID which matches the server name
[Thu Apr 14 19:17:35.703474 2016] [mpm_winnt:notice] [pid 5260:tid 572] AH00354: Child: Starting 150 worker threads.
[Thu Apr 14 19:19:03.946344 2016] [ssl:warn] [pid 8948:tid 552] AH01909: www.example.com:443:0 server certificate does NOT include an ID which matches the server name
[Thu Apr 14 19:19:04.055722 2016] [ssl:warn] [pid 8948:tid 552] AH01909: www.example.com:443:0 server certificate does NOT include an ID which matches the server name
[Thu Apr 14 19:19:04.086973 2016] [mpm_winnt:notice] [pid 8948:tid 552] AH00455: Apache/2.4.17 (Win32) OpenSSL/1.0.2d PHP/5.6.19 configured -- resuming normal operations
[Thu Apr 14 19:19:04.086973 2016] [mpm_winnt:notice] [pid 8948:tid 552] AH00456: Apache Lounge VC11 Server built: Oct 13 2015 10:54:13
[Thu Apr 14 19:19:04.086973 2016] [core:notice] [pid 8948:tid 552] AH00094: Command line: 'c:\\xampp\\apache\\bin\\httpd.exe -d C:/xampp/apache'
[Thu Apr 14 19:19:04.102598 2016] [mpm_winnt:notice] [pid 8948:tid 552] AH00418: Parent: Created child process 5660
[Thu Apr 14 19:19:04.508853 2016] [ssl:warn] [pid 5660:tid 476] AH01909: www.example.com:443:0 server certificate does NOT include an ID which matches the server name
[Thu Apr 14 19:19:04.618230 2016] [ssl:warn] [pid 5660:tid 476] AH01909: www.example.com:443:0 server certificate does NOT include an ID which matches the server name
[Thu Apr 14 19:19:04.665128 2016] [mpm_winnt:notice] [pid 5660:tid 476] AH00354: Child: Starting 150 worker threads.
[Thu Apr 14 19:20:34.363050 2016] [:error] [pid 5660:tid 1844] [client ::1:50604] PHP Notice:  Undefined index: page in C:\\xampp\\htdocs\\page\\index.php on line 47
[Thu Apr 14 19:20:34.363050 2016] [:error] [pid 5660:tid 1844] [client ::1:50604] PHP Notice:  Undefined index: page in C:\\xampp\\htdocs\\page\\index.php on line 54
[Thu Apr 14 19:34:27.442885 2016] [:error] [pid 5660:tid 1832] [client ::1:50778] PHP Notice:  Undefined index: page in C:\\xampp\\htdocs\\page\\index.php on line 47
[Thu Apr 14 19:34:27.442885 2016] [:error] [pid 5660:tid 1832] [client ::1:50778] PHP Notice:  Undefined index: page in C:\\xampp\\htdocs\\page\\index.php on line 54
[Tue Apr 19 13:23:56.309164 2016] [ssl:warn] [pid 3112:tid 576] AH01909: www.example.com:443:0 server certificate does NOT include an ID which matches the server name
[Tue Apr 19 13:23:56.356055 2016] [core:warn] [pid 3112:tid 576] AH00098: pid file C:/xampp/apache/logs/httpd.pid overwritten -- Unclean shutdown of previous Apache run?
[Tue Apr 19 13:23:56.449784 2016] [ssl:warn] [pid 3112:tid 576] AH01909: www.example.com:443:0 server certificate does NOT include an ID which matches the server name
[Tue Apr 19 13:23:56.684173 2016] [mpm_winnt:notice] [pid 3112:tid 576] AH00455: Apache/2.4.17 (Win32) OpenSSL/1.0.2d PHP/5.6.19 configured -- resuming normal operations
[Tue Apr 19 13:23:56.684173 2016] [mpm_winnt:notice] [pid 3112:tid 576] AH00456: Apache Lounge VC11 Server built: Oct 13 2015 10:54:13
[Tue Apr 19 13:23:56.684173 2016] [core:notice] [pid 3112:tid 576] AH00094: Command line: 'c:\\xampp\\apache\\bin\\httpd.exe -d C:/xampp/apache'
[Tue Apr 19 13:23:56.715419 2016] [mpm_winnt:notice] [pid 3112:tid 576] AH00418: Parent: Created child process 4308
[Tue Apr 19 13:23:57.184168 2016] [ssl:warn] [pid 4308:tid 444] AH01909: www.example.com:443:0 server certificate does NOT include an ID which matches the server name
[Tue Apr 19 13:23:57.293566 2016] [ssl:warn] [pid 4308:tid 444] AH01909: www.example.com:443:0 server certificate does NOT include an ID which matches the server name
[Tue Apr 19 13:23:57.324819 2016] [mpm_winnt:notice] [pid 4308:tid 444] AH00354: Child: Starting 150 worker threads.
[Wed Feb 01 19:15:43.498162 2017] [ssl:warn] [pid 2364:tid 608] AH01909: www.example.com:443:0 server certificate does NOT include an ID which matches the server name
[Wed Feb 01 19:15:43.555707 2017] [core:warn] [pid 2364:tid 608] AH00098: pid file C:/xampp/apache/logs/httpd.pid overwritten -- Unclean shutdown of previous Apache run?
[Wed Feb 01 19:15:43.711825 2017] [ssl:warn] [pid 2364:tid 608] AH01909: www.example.com:443:0 server certificate does NOT include an ID which matches the server name
[Wed Feb 01 19:15:43.899246 2017] [mpm_winnt:notice] [pid 2364:tid 608] AH00455: Apache/2.4.17 (Win32) OpenSSL/1.0.2d PHP/5.6.19 configured -- resuming normal operations
[Wed Feb 01 19:15:43.899246 2017] [mpm_winnt:notice] [pid 2364:tid 608] AH00456: Apache Lounge VC11 Server built: Oct 13 2015 10:54:13
[Wed Feb 01 19:15:43.899246 2017] [core:notice] [pid 2364:tid 608] AH00094: Command line: 'c:\\xampp\\apache\\bin\\httpd.exe -d C:/xampp/apache'
[Wed Feb 01 19:15:43.913723 2017] [mpm_winnt:notice] [pid 2364:tid 608] AH00418: Parent: Created child process 3444
[Wed Feb 01 19:15:44.536195 2017] [ssl:warn] [pid 3444:tid 616] AH01909: www.example.com:443:0 server certificate does NOT include an ID which matches the server name
[Wed Feb 01 19:15:44.659045 2017] [ssl:warn] [pid 3444:tid 616] AH01909: www.example.com:443:0 server certificate does NOT include an ID which matches the server name
[Wed Feb 01 19:15:44.690619 2017] [mpm_winnt:notice] [pid 3444:tid 616] AH00354: Child: Starting 150 worker threads.
[Thu Apr 27 21:47:02.794021 2017] [ssl:warn] [pid 4424:tid 584] AH01909: www.example.com:443:0 server certificate does NOT include an ID which matches the server name
[Thu Apr 27 21:47:02.841015 2017] [core:warn] [pid 4424:tid 584] AH00098: pid file C:/xampp/apache/logs/httpd.pid overwritten -- Unclean shutdown of previous Apache run?
[Thu Apr 27 21:47:02.936047 2017] [ssl:warn] [pid 4424:tid 584] AH01909: www.example.com:443:0 server certificate does NOT include an ID which matches the server name
[Thu Apr 27 21:47:03.115014 2017] [mpm_winnt:notice] [pid 4424:tid 584] AH00455: Apache/2.4.17 (Win32) OpenSSL/1.0.2d PHP/5.6.19 configured -- resuming normal operations
[Thu Apr 27 21:47:03.115014 2017] [mpm_winnt:notice] [pid 4424:tid 584] AH00456: Apache Lounge VC11 Server built: Oct 13 2015 10:54:13
[Thu Apr 27 21:47:03.115014 2017] [core:notice] [pid 4424:tid 584] AH00094: Command line: 'c:\\xampp\\apache\\bin\\httpd.exe -d C:/xampp/apache'
[Thu Apr 27 21:47:03.126035 2017] [mpm_winnt:notice] [pid 4424:tid 584] AH00418: Parent: Created child process 16828
[Thu Apr 27 21:47:03.638978 2017] [ssl:warn] [pid 16828:tid 588] AH01909: www.example.com:443:0 server certificate does NOT include an ID which matches the server name
[Thu Apr 27 21:47:03.796664 2017] [ssl:warn] [pid 16828:tid 588] AH01909: www.example.com:443:0 server certificate does NOT include an ID which matches the server name
[Thu Apr 27 21:47:03.862217 2017] [mpm_winnt:notice] [pid 16828:tid 588] AH00354: Child: Starting 150 worker threads.
[Thu Apr 27 21:50:02.675670 2017] [:error] [pid 16828:tid 1908] [client ::1:54237] PHP Notice:  Undefined index: Task in C:\\xampp\\htdocs\\Tasks\\includes\\_config.php on line 4
[Thu Apr 27 21:50:02.675670 2017] [:error] [pid 16828:tid 1908] [client ::1:54237] PHP Notice:  Undefined index: Beschreibung in C:\\xampp\\htdocs\\Tasks\\includes\\_config.php on line 5
[Thu Apr 27 21:50:02.675670 2017] [:error] [pid 16828:tid 1908] [client ::1:54237] PHP Notice:  Undefined index: Zustaendig in C:\\xampp\\htdocs\\Tasks\\includes\\_config.php on line 6
[Thu Apr 27 21:50:02.675670 2017] [:error] [pid 16828:tid 1908] [client ::1:54237] PHP Notice:  Undefined index: Erledigen_bis in C:\\xampp\\htdocs\\Tasks\\includes\\_config.php on line 7
[Thu Apr 27 21:50:02.676671 2017] [:error] [pid 16828:tid 1908] [client ::1:54237] PHP Notice:  Undefined index: Wiederholungen in C:\\xampp\\htdocs\\Tasks\\includes\\_config.php on line 8
[Thu Apr 27 21:50:02.676671 2017] [:error] [pid 16828:tid 1908] [client ::1:54237] PHP Notice:  Undefined index: jsdatum in C:\\xampp\\htdocs\\Tasks\\includes\\_config.php on line 9
[Thu Apr 27 21:50:02.684712 2017] [:error] [pid 16828:tid 1908] [client ::1:54237] PHP Fatal error:  Call to undefined function mysql_connect() in C:\\xampp\\htdocs\\Tasks\\includes\\_config.php on line 27
[Thu Apr 27 21:51:52.255431 2017] [:error] [pid 16828:tid 1904] [client ::1:54254] script 'C:/xampp/htdocs/mhcom/error.php' not found or unable to stat
[Thu Apr 27 21:51:59.602400 2017] [:error] [pid 16828:tid 1904] [client ::1:54257] script 'C:/xampp/htdocs/mhcom/index.php' not found or unable to stat
[Thu Apr 27 22:04:13.100763 2017] [:error] [pid 16828:tid 1896] [client ::1:54327] PHP Notice:  Undefined index: Task in C:\\xampp\\htdocs\\Tasks\\includes\\_config.php on line 4, referer: http://localhost/
[Thu Apr 27 22:04:13.100763 2017] [:error] [pid 16828:tid 1896] [client ::1:54327] PHP Notice:  Undefined index: Beschreibung in C:\\xampp\\htdocs\\Tasks\\includes\\_config.php on line 5, referer: http://localhost/
[Thu Apr 27 22:04:13.100763 2017] [:error] [pid 16828:tid 1896] [client ::1:54327] PHP Notice:  Undefined index: Zustaendig in C:\\xampp\\htdocs\\Tasks\\includes\\_config.php on line 6, referer: http://localhost/
[Thu Apr 27 22:04:13.101260 2017] [:error] [pid 16828:tid 1896] [client ::1:54327] PHP Notice:  Undefined index: Erledigen_bis in C:\\xampp\\htdocs\\Tasks\\includes\\_config.php on line 7, referer: http://localhost/
[Thu Apr 27 22:04:13.101260 2017] [:error] [pid 16828:tid 1896] [client ::1:54327] PHP Notice:  Undefined index: Wiederholungen in C:\\xampp\\htdocs\\Tasks\\includes\\_config.php on line 8, referer: http://localhost/
[Thu Apr 27 22:04:13.101260 2017] [:error] [pid 16828:tid 1896] [client ::1:54327] PHP Notice:  Undefined index: jsdatum in C:\\xampp\\htdocs\\Tasks\\includes\\_config.php on line 9, referer: http://localhost/
[Thu Apr 27 22:04:13.101761 2017] [:error] [pid 16828:tid 1896] [client ::1:54327] PHP Fatal error:  Call to undefined function mysql_connect() in C:\\xampp\\htdocs\\Tasks\\includes\\_config.php on line 27, referer: http://localhost/
[Fri Apr 28 07:38:45.611621 2017] [ssl:warn] [pid 4464:tid 580] AH01909: www.example.com:443:0 server certificate does NOT include an ID which matches the server name
[Fri Apr 28 07:38:45.658497 2017] [core:warn] [pid 4464:tid 580] AH00098: pid file C:/xampp/apache/logs/httpd.pid overwritten -- Unclean shutdown of previous Apache run?
[Fri Apr 28 07:38:45.736644 2017] [ssl:warn] [pid 4464:tid 580] AH01909: www.example.com:443:0 server certificate does NOT include an ID which matches the server name
[Fri Apr 28 07:38:45.783498 2017] [mpm_winnt:notice] [pid 4464:tid 580] AH00455: Apache/2.4.17 (Win32) OpenSSL/1.0.2d PHP/5.6.19 configured -- resuming normal operations
[Fri Apr 28 07:38:45.783498 2017] [mpm_winnt:notice] [pid 4464:tid 580] AH00456: Apache Lounge VC11 Server built: Oct 13 2015 10:54:13
[Fri Apr 28 07:38:45.783498 2017] [core:notice] [pid 4464:tid 580] AH00094: Command line: 'c:\\xampp\\apache\\bin\\httpd.exe -d C:/xampp/apache'
[Fri Apr 28 07:38:45.783498 2017] [mpm_winnt:notice] [pid 4464:tid 580] AH00418: Parent: Created child process 17800
[Fri Apr 28 07:38:46.314755 2017] [ssl:warn] [pid 17800:tid 620] AH01909: www.example.com:443:0 server certificate does NOT include an ID which matches the server name
[Fri Apr 28 07:38:46.424130 2017] [ssl:warn] [pid 17800:tid 620] AH01909: www.example.com:443:0 server certificate does NOT include an ID which matches the server name
[Fri Apr 28 07:38:46.471007 2017] [mpm_winnt:notice] [pid 17800:tid 620] AH00354: Child: Starting 150 worker threads.
[Fri Apr 28 07:40:26.321656 2017] [:error] [pid 17800:tid 1892] [client ::1:55243] PHP Notice:  Undefined index: Task in C:\\xampp\\htdocs\\mhtask\\includes\\_config.php on line 4
[Fri Apr 28 07:40:26.321656 2017] [:error] [pid 17800:tid 1892] [client ::1:55243] PHP Notice:  Undefined index: Beschreibung in C:\\xampp\\htdocs\\mhtask\\includes\\_config.php on line 5
[Fri Apr 28 07:40:26.321656 2017] [:error] [pid 17800:tid 1892] [client ::1:55243] PHP Notice:  Undefined index: Zustaendig in C:\\xampp\\htdocs\\mhtask\\includes\\_config.php on line 6
[Fri Apr 28 07:40:26.321656 2017] [:error] [pid 17800:tid 1892] [client ::1:55243] PHP Notice:  Undefined index: Erledigen_bis in C:\\xampp\\htdocs\\mhtask\\includes\\_config.php on line 7
[Fri Apr 28 07:40:26.321656 2017] [:error] [pid 17800:tid 1892] [client ::1:55243] PHP Notice:  Undefined index: Wiederholungen in C:\\xampp\\htdocs\\mhtask\\includes\\_config.php on line 8
[Fri Apr 28 07:40:26.321656 2017] [:error] [pid 17800:tid 1892] [client ::1:55243] PHP Notice:  Undefined index: jsdatum in C:\\xampp\\htdocs\\mhtask\\includes\\_config.php on line 9
[Fri Apr 28 07:40:26.321656 2017] [:error] [pid 17800:tid 1892] [client ::1:55243] PHP Fatal error:  Call to undefined function mysql_connect() in C:\\xampp\\htdocs\\mhtask\\includes\\_config.php on line 24
[Fri Apr 28 07:41:27.284823 2017] [:error] [pid 17800:tid 1892] [client ::1:55251] PHP Notice:  Undefined index: Task in C:\\xampp\\htdocs\\mhtask\\includes\\_config.php on line 4
[Fri Apr 28 07:41:27.284823 2017] [:error] [pid 17800:tid 1892] [client ::1:55251] PHP Notice:  Undefined index: Beschreibung in C:\\xampp\\htdocs\\mhtask\\includes\\_config.php on line 5
[Fri Apr 28 07:41:27.284823 2017] [:error] [pid 17800:tid 1892] [client ::1:55251] PHP Notice:  Undefined index: Zustaendig in C:\\xampp\\htdocs\\mhtask\\includes\\_config.php on line 6
[Fri Apr 28 07:41:27.284823 2017] [:error] [pid 17800:tid 1892] [client ::1:55251] PHP Notice:  Undefined index: Erledigen_bis in C:\\xampp\\htdocs\\mhtask\\includes\\_config.php on line 7
[Fri Apr 28 07:41:27.284823 2017] [:error] [pid 17800:tid 1892] [client ::1:55251] PHP Notice:  Undefined index: Wiederholungen in C:\\xampp\\htdocs\\mhtask\\includes\\_config.php on line 8
[Fri Apr 28 07:41:27.284823 2017] [:error] [pid 17800:tid 1892] [client ::1:55251] PHP Notice:  Undefined index: jsdatum in C:\\xampp\\htdocs\\mhtask\\includes\\_config.php on line 9
[Fri Apr 28 07:41:27.284823 2017] [:error] [pid 17800:tid 1892] [client ::1:55251] PHP Fatal error:  Call to undefined function mysql_query() in C:\\xampp\\htdocs\\mhtask\\includes\\classes.php on line 82
[Fri Apr 28 07:41:32.028229 2017] [:error] [pid 17800:tid 1892] [client ::1:55251] PHP Notice:  Undefined index: Task in C:\\xampp\\htdocs\\mhtask\\includes\\_config.php on line 4
[Fri Apr 28 07:41:32.028229 2017] [:error] [pid 17800:tid 1892] [client ::1:55251] PHP Notice:  Undefined index: Beschreibung in C:\\xampp\\htdocs\\mhtask\\includes\\_config.php on line 5
[Fri Apr 28 07:41:32.028229 2017] [:error] [pid 17800:tid 1892] [client ::1:55251] PHP Notice:  Undefined index: Zustaendig in C:\\xampp\\htdocs\\mhtask\\includes\\_config.php on line 6
[Fri Apr 28 07:41:32.028229 2017] [:error] [pid 17800:tid 1892] [client ::1:55251] PHP Notice:  Undefined index: Erledigen_bis in C:\\xampp\\htdocs\\mhtask\\includes\\_config.php on line 7
[Fri Apr 28 07:41:32.028229 2017] [:error] [pid 17800:tid 1892] [client ::1:55251] PHP Notice:  Undefined index: Wiederholungen in C:\\xampp\\htdocs\\mhtask\\includes\\_config.php on line 8
[Fri Apr 28 07:41:32.028229 2017] [:error] [pid 17800:tid 1892] [client ::1:55251] PHP Notice:  Undefined index: jsdatum in C:\\xampp\\htdocs\\mhtask\\includes\\_config.php on line 9
[Fri Apr 28 07:41:32.028229 2017] [:error] [pid 17800:tid 1892] [client ::1:55251] PHP Fatal error:  Call to undefined function mysql_query() in C:\\xampp\\htdocs\\mhtask\\includes\\classes.php on line 82
[Fri Apr 28 07:41:32.590877 2017] [:error] [pid 17800:tid 1892] [client ::1:55251] PHP Notice:  Undefined index: Task in C:\\xampp\\htdocs\\mhtask\\includes\\_config.php on line 4
[Fri Apr 28 07:41:32.590877 2017] [:error] [pid 17800:tid 1892] [client ::1:55251] PHP Notice:  Undefined index: Beschreibung in C:\\xampp\\htdocs\\mhtask\\includes\\_config.php on line 5
[Fri Apr 28 07:41:32.590877 2017] [:error] [pid 17800:tid 1892] [client ::1:55251] PHP Notice:  Undefined index: Zustaendig in C:\\xampp\\htdocs\\mhtask\\includes\\_config.php on line 6
[Fri Apr 28 07:41:32.590877 2017] [:error] [pid 17800:tid 1892] [client ::1:55251] PHP Notice:  Undefined index: Erledigen_bis in C:\\xampp\\htdocs\\mhtask\\includes\\_config.php on line 7
[Fri Apr 28 07:41:32.590877 2017] [:error] [pid 17800:tid 1892] [client ::1:55251] PHP Notice:  Undefined index: Wiederholungen in C:\\xampp\\htdocs\\mhtask\\includes\\_config.php on line 8
[Fri Apr 28 07:41:32.590877 2017] [:error] [pid 17800:tid 1892] [client ::1:55251] PHP Notice:  Undefined index: jsdatum in C:\\xampp\\htdocs\\mhtask\\includes\\_config.php on line 9
[Fri Apr 28 07:41:32.590877 2017] [:error] [pid 17800:tid 1892] [client ::1:55251] PHP Fatal error:  Call to undefined function mysql_query() in C:\\xampp\\htdocs\\mhtask\\includes\\classes.php on line 82
[Fri Apr 28 07:41:32.965882 2017] [:error] [pid 17800:tid 1892] [client ::1:55251] PHP Notice:  Undefined index: Task in C:\\xampp\\htdocs\\mhtask\\includes\\_config.php on line 4
[Fri Apr 28 07:41:32.965882 2017] [:error] [pid 17800:tid 1892] [client ::1:55251] PHP Notice:  Undefined index: Beschreibung in C:\\xampp\\htdocs\\mhtask\\includes\\_config.php on line 5
[Fri Apr 28 07:41:32.965882 2017] [:error] [pid 17800:tid 1892] [client ::1:55251] PHP Notice:  Undefined index: Zustaendig in C:\\xampp\\htdocs\\mhtask\\includes\\_config.php on line 6
[Fri Apr 28 07:41:32.965882 2017] [:error] [pid 17800:tid 1892] [client ::1:55251] PHP Notice:  Undefined index: Erledigen_bis in C:\\xampp\\htdocs\\mhtask\\includes\\_config.php on line 7
[Fri Apr 28 07:41:32.965882 2017] [:error] [pid 17800:tid 1892] [client ::1:55251] PHP Notice:  Undefined index: Wiederholungen in C:\\xampp\\htdocs\\mhtask\\includes\\_config.php on line 8
[Fri Apr 28 07:41:32.965882 2017] [:error] [pid 17800:tid 1892] [client ::1:55251] PHP Notice:  Undefined index: jsdatum in C:\\xampp\\htdocs\\mhtask\\includes\\_config.php on line 9
[Fri Apr 28 07:41:32.965882 2017] [:error] [pid 17800:tid 1892] [client ::1:55251] PHP Fatal error:  Call to undefined function mysql_query() in C:\\xampp\\htdocs\\mhtask\\includes\\classes.php on line 82
[Fri Apr 28 07:41:33.309497 2017] [:error] [pid 17800:tid 1892] [client ::1:55251] PHP Notice:  Undefined index: Task in C:\\xampp\\htdocs\\mhtask\\includes\\_config.php on line 4
[Fri Apr 28 07:41:33.309497 2017] [:error] [pid 17800:tid 1892] [client ::1:55251] PHP Notice:  Undefined index: Beschreibung in C:\\xampp\\htdocs\\mhtask\\includes\\_config.php on line 5
[Fri Apr 28 07:41:33.309497 2017] [:error] [pid 17800:tid 1892] [client ::1:55251] PHP Notice:  Undefined index: Zustaendig in C:\\xampp\\htdocs\\mhtask\\includes\\_config.php on line 6
[Fri Apr 28 07:41:33.309497 2017] [:error] [pid 17800:tid 1892] [client ::1:55251] PHP Notice:  Undefined index: Erledigen_bis in C:\\xampp\\htdocs\\mhtask\\includes\\_config.php on line 7
[Fri Apr 28 07:41:33.309497 2017] [:error] [pid 17800:tid 1892] [client ::1:55251] PHP Notice:  Undefined index: Wiederholungen in C:\\xampp\\htdocs\\mhtask\\includes\\_config.php on line 8
[Fri Apr 28 07:41:33.309497 2017] [:error] [pid 17800:tid 1892] [client ::1:55251] PHP Notice:  Undefined index: jsdatum in C:\\xampp\\htdocs\\mhtask\\includes\\_config.php on line 9
[Fri Apr 28 07:41:33.309497 2017] [:error] [pid 17800:tid 1892] [client ::1:55251] PHP Fatal error:  Call to undefined function mysql_query() in C:\\xampp\\htdocs\\mhtask\\includes\\classes.php on line 82
[Fri Apr 28 07:41:33.590888 2017] [:error] [pid 17800:tid 1892] [client ::1:55251] PHP Notice:  Undefined index: Task in C:\\xampp\\htdocs\\mhtask\\includes\\_config.php on line 4
[Fri Apr 28 07:41:33.590888 2017] [:error] [pid 17800:tid 1892] [client ::1:55251] PHP Notice:  Undefined index: Beschreibung in C:\\xampp\\htdocs\\mhtask\\includes\\_config.php on line 5
[Fri Apr 28 07:41:33.590888 2017] [:error] [pid 17800:tid 1892] [client ::1:55251] PHP Notice:  Undefined index: Zustaendig in C:\\xampp\\htdocs\\mhtask\\includes\\_config.php on line 6
[Fri Apr 28 07:41:33.590888 2017] [:error] [pid 17800:tid 1892] [client ::1:55251] PHP Notice:  Undefined index: Erledigen_bis in C:\\xampp\\htdocs\\mhtask\\includes\\_config.php on line 7
[Fri Apr 28 07:41:33.590888 2017] [:error] [pid 17800:tid 1892] [client ::1:55251] PHP Notice:  Undefined index: Wiederholungen in C:\\xampp\\htdocs\\mhtask\\includes\\_config.php on line 8
[Fri Apr 28 07:41:33.590888 2017] [:error] [pid 17800:tid 1892] [client ::1:55251] PHP Notice:  Undefined index: jsdatum in C:\\xampp\\htdocs\\mhtask\\includes\\_config.php on line 9
[Fri Apr 28 07:41:33.590888 2017] [:error] [pid 17800:tid 1892] [client ::1:55251] PHP Fatal error:  Call to undefined function mysql_query() in C:\\xampp\\htdocs\\mhtask\\includes\\classes.php on line 82
[Fri Apr 28 07:41:33.887631 2017] [:error] [pid 17800:tid 1892] [client ::1:55251] PHP Notice:  Undefined index: Task in C:\\xampp\\htdocs\\mhtask\\includes\\_config.php on line 4
[Fri Apr 28 07:41:33.887631 2017] [:error] [pid 17800:tid 1892] [client ::1:55251] PHP Notice:  Undefined index: Beschreibung in C:\\xampp\\htdocs\\mhtask\\includes\\_config.php on line 5
[Fri Apr 28 07:41:33.887631 2017] [:error] [pid 17800:tid 1892] [client ::1:55251] PHP Notice:  Undefined index: Zustaendig in C:\\xampp\\htdocs\\mhtask\\includes\\_config.php on line 6
[Fri Apr 28 07:41:33.887631 2017] [:error] [pid 17800:tid 1892] [client ::1:55251] PHP Notice:  Undefined index: Erledigen_bis in C:\\xampp\\htdocs\\mhtask\\includes\\_config.php on line 7
[Fri Apr 28 07:41:33.887631 2017] [:error] [pid 17800:tid 1892] [client ::1:55251] PHP Notice:  Undefined index: Wiederholungen in C:\\xampp\\htdocs\\mhtask\\includes\\_config.php on line 8
[Fri Apr 28 07:41:33.887631 2017] [:error] [pid 17800:tid 1892] [client ::1:55251] PHP Notice:  Undefined index: jsdatum in C:\\xampp\\htdocs\\mhtask\\includes\\_config.php on line 9
[Fri Apr 28 07:41:33.887631 2017] [:error] [pid 17800:tid 1892] [client ::1:55251] PHP Fatal error:  Call to undefined function mysql_query() in C:\\xampp\\htdocs\\mhtask\\includes\\classes.php on line 82
[Sun Jun 11 17:11:16.272706 2017] [ssl:warn] [pid 6928:tid 644] AH01909: www.example.com:443:0 server certificate does NOT include an ID which matches the server name
[Sun Jun 11 17:11:16.315510 2017] [core:warn] [pid 6928:tid 644] AH00098: pid file C:/xampp/apache/logs/httpd.pid overwritten -- Unclean shutdown of previous Apache run?
[Sun Jun 11 17:11:16.424482 2017] [ssl:warn] [pid 6928:tid 644] AH01909: www.example.com:443:0 server certificate does NOT include an ID which matches the server name
[Sun Jun 11 17:11:16.610692 2017] [mpm_winnt:notice] [pid 6928:tid 644] AH00455: Apache/2.4.17 (Win32) OpenSSL/1.0.2d PHP/5.6.19 configured -- resuming normal operations
[Sun Jun 11 17:11:16.610692 2017] [mpm_winnt:notice] [pid 6928:tid 644] AH00456: Apache Lounge VC11 Server built: Oct 13 2015 10:54:13
[Sun Jun 11 17:11:16.610692 2017] [core:notice] [pid 6928:tid 644] AH00094: Command line: 'c:\\xampp\\apache\\bin\\httpd.exe -d C:/xampp/apache'
[Sun Jun 11 17:11:16.623703 2017] [mpm_winnt:notice] [pid 6928:tid 644] AH00418: Parent: Created child process 4676
[Sun Jun 11 17:11:17.252284 2017] [ssl:warn] [pid 4676:tid 664] AH01909: www.example.com:443:0 server certificate does NOT include an ID which matches the server name
[Sun Jun 11 17:11:17.417222 2017] [ssl:warn] [pid 4676:tid 664] AH01909: www.example.com:443:0 server certificate does NOT include an ID which matches the server name
[Sun Jun 11 17:11:17.451477 2017] [mpm_winnt:notice] [pid 4676:tid 664] AH00354: Child: Starting 150 worker threads.
[Sun Jun 11 17:11:37.029282 2017] [:error] [pid 4676:tid 1964] [client ::1:53031] PHP Warning:  require_once(../vendor/autoload.php): failed to open stream: No such file or directory in C:\\xampp\\htdocs\\php-template-151-infa2a\\website\\web\\index.php on line 3, referer: http://localhost/php-template-151-infa2a/website/
[Sun Jun 11 17:11:37.029282 2017] [:error] [pid 4676:tid 1964] [client ::1:53031] PHP Fatal error:  require_once(): Failed opening required '../vendor/autoload.php' (include_path='C:\\xampp\\php\\PEAR') in C:\\xampp\\htdocs\\php-template-151-infa2a\\website\\web\\index.php on line 3, referer: http://localhost/php-template-151-infa2a/website/
[Sun Jun 11 17:12:36.095065 2017] [:error] [pid 4676:tid 1964] [client ::1:53043] PHP Warning:  require_once(../vendor/autoload.php): failed to open stream: No such file or directory in C:\\xampp\\htdocs\\php-template-151-infa2a\\website\\web\\index.php on line 3, referer: http://localhost/php-template-151-infa2a/website/
[Sun Jun 11 17:12:36.095065 2017] [:error] [pid 4676:tid 1964] [client ::1:53043] PHP Fatal error:  require_once(): Failed opening required '../vendor/autoload.php' (include_path='C:\\xampp\\php\\PEAR') in C:\\xampp\\htdocs\\php-template-151-infa2a\\website\\web\\index.php on line 3, referer: http://localhost/php-template-151-infa2a/website/
[Sun Jun 11 17:14:46.163767 2017] [:error] [pid 4676:tid 1964] [client ::1:53059] PHP Fatal error:  Class 'mineichen\\Factory' not found in C:\\xampp\\htdocs\\php-template-151-infa2a\\website\\web\\index.php on line 4, referer: http://localhost/php-template-151-infa2a/website/
[Sun Jun 11 17:33:27.418861 2017] [:error] [pid 4676:tid 1964] [client ::1:53213] PHP Warning:  require_once(../vendor/autoload.php): failed to open stream: No such file or directory in C:\\xampp\\htdocs\\php-template-151-infa2a\\website\\web\\index.php on line 3, referer: http://localhost/php-template-151-infa2a/website/
[Sun Jun 11 17:33:27.418861 2017] [:error] [pid 4676:tid 1964] [client ::1:53213] PHP Fatal error:  require_once(): Failed opening required '../vendor/autoload.php' (include_path='C:\\xampp\\php\\PEAR') in C:\\xampp\\htdocs\\php-template-151-infa2a\\website\\web\\index.php on line 3, referer: http://localhost/php-template-151-infa2a/website/
[Sat Jan 12 19:59:12.974451 2019] [ssl:warn] [pid 8360:tid 656] AH01909: localhost:49815:0 server certificate does NOT include an ID which matches the server name
[Sat Jan 12 19:59:13.074249 2019] [core:warn] [pid 8360:tid 656] AH00098: pid file C:/xampp/apache/logs/httpd.pid overwritten -- Unclean shutdown of previous Apache run?
[Sat Jan 12 19:59:13.437349 2019] [ssl:warn] [pid 8360:tid 656] AH01909: localhost:49815:0 server certificate does NOT include an ID which matches the server name
[Sat Jan 12 19:59:13.914428 2019] [mpm_winnt:notice] [pid 8360:tid 656] AH00455: Apache/2.4.17 (Win32) OpenSSL/1.0.2d PHP/5.6.19 configured -- resuming normal operations
[Sat Jan 12 19:59:13.914428 2019] [mpm_winnt:notice] [pid 8360:tid 656] AH00456: Apache Lounge VC11 Server built: Oct 13 2015 10:54:13
[Sat Jan 12 19:59:13.914428 2019] [core:notice] [pid 8360:tid 656] AH00094: Command line: 'apache\\bin\\httpd.exe -d C:/xampp/apache -f conf\\httpd.conf'
[Sat Jan 12 19:59:13.944566 2019] [mpm_winnt:notice] [pid 8360:tid 656] AH00418: Parent: Created child process 9868
[Sat Jan 12 19:59:15.744378 2019] [ssl:warn] [pid 9868:tid 716] AH01909: localhost:49815:0 server certificate does NOT include an ID which matches the server name
[Sat Jan 12 19:59:16.198515 2019] [ssl:warn] [pid 9868:tid 716] AH01909: localhost:49815:0 server certificate does NOT include an ID which matches the server name
[Sat Jan 12 19:59:16.257734 2019] [mpm_winnt:notice] [pid 9868:tid 716] AH00354: Child: Starting 150 worker threads.
[Sat Jan 12 20:27:18.104197 2019] [mpm_winnt:notice] [pid 8360:tid 656] AH00422: Parent: Received shutdown signal -- Shutting down the server.
[Sat Jan 12 20:27:20.139357 2019] [mpm_winnt:notice] [pid 9868:tid 716] AH00364: Child: All worker threads have exited.
[Sat Jan 12 20:27:20.169307 2019] [mpm_winnt:notice] [pid 8360:tid 656] AH00430: Parent: Child process 9868 exited successfully.
[Sun Jan 13 14:29:49.601796 2019] [mpm_winnt:notice] [pid 1028:tid 732] AH00455: Apache/2.4.17 (Win32) OpenSSL/1.0.2d PHP/5.6.19 configured -- resuming normal operations
[Sun Jan 13 14:29:49.601796 2019] [mpm_winnt:notice] [pid 1028:tid 732] AH00456: Apache Lounge VC11 Server built: Oct 13 2015 10:54:13
[Sun Jan 13 14:29:49.601796 2019] [core:notice] [pid 1028:tid 732] AH00094: Command line: 'apache\\bin\\httpd.exe -d C:/xampp/apache -f conf\\httpd.conf'
[Sun Jan 13 14:29:49.621329 2019] [mpm_winnt:notice] [pid 1028:tid 732] AH00418: Parent: Created child process 11032
[Sun Jan 13 14:29:51.161707 2019] [mpm_winnt:notice] [pid 11032:tid 688] AH00354: Child: Starting 150 worker threads.
[Sun Jan 13 14:36:46.447720 2019] [core:warn] [pid 7332:tid 692] AH00098: pid file C:/xampp/apache/logs/httpd.pid overwritten -- Unclean shutdown of previous Apache run?
[Sun Jan 13 14:36:46.721722 2019] [mpm_winnt:notice] [pid 7332:tid 692] AH00455: Apache/2.4.17 (Win32) OpenSSL/1.0.2d PHP/5.6.19 configured -- resuming normal operations
[Sun Jan 13 14:36:46.721722 2019] [mpm_winnt:notice] [pid 7332:tid 692] AH00456: Apache Lounge VC11 Server built: Oct 13 2015 10:54:13
[Sun Jan 13 14:36:46.721722 2019] [core:notice] [pid 7332:tid 692] AH00094: Command line: 'c:\\xampp\\apache\\bin\\httpd.exe -d C:/xampp/apache'
[Sun Jan 13 14:36:46.729781 2019] [mpm_winnt:notice] [pid 7332:tid 692] AH00418: Parent: Created child process 10124
[Sun Jan 13 14:36:48.308091 2019] [mpm_winnt:notice] [pid 10124:tid 704] AH00354: Child: Starting 150 worker threads.
